Log file open, 12/11/20 02:48:19
LogInit: Display: Running engine for game: ArchiesAdventure
LogPlatformFile: Not using cached read wrapper
LogTaskGraph: Started task graph with 5 named threads and 71 total threads with 3 sets of task threads.
LogStats: Stats thread started at 0.209653
LogD3D11RHI: Loaded GFSDK_Aftermath_Lib.x64.dll
LogICUInternationalization: ICU TimeZone Detection - Raw Offset: -7:00, Platform Override: ''
LogPluginManager: Mounting plugin Paper2D
LogPluginManager: Mounting plugin AISupport
LogPluginManager: Mounting plugin LightPropagationVolume
LogPluginManager: Mounting plugin CameraShakePreviewer
LogPluginManager: Mounting plugin ActorLayerUtilities
LogPluginManager: Mounting plugin AnimationSharing
LogPluginManager: Mounting plugin CLionSourceCodeAccess
LogPluginManager: Mounting plugin CodeLiteSourceCodeAccess
LogPluginManager: Mounting plugin GitSourceControl
LogPluginManager: Mounting plugin KDevelopSourceCodeAccess
LogPluginManager: Mounting plugin NullSourceCodeAccess
LogPluginManager: Mounting plugin PerforceSourceControl
LogPluginManager: Mounting plugin PlasticSourceControl
LogPluginManager: Mounting plugin RiderSourceCodeAccess
LogPluginManager: Mounting plugin SubversionSourceControl
LogPluginManager: Mounting plugin UObjectPlugin
LogPluginManager: Mounting plugin VisualStudioCodeSourceCodeAccess
LogPluginManager: Mounting plugin VisualStudioSourceCodeAccess
LogPluginManager: Mounting plugin XCodeSourceCodeAccess
LogPluginManager: Mounting plugin AssetManagerEditor
LogPluginManager: Mounting plugin CryptoKeys
LogPluginManager: Mounting plugin CurveEditorTools
LogPluginManager: Mounting plugin DataValidation
LogPluginManager: Mounting plugin EditorScriptingUtilities
LogPluginManager: Mounting plugin FacialAnimation
LogPluginManager: Mounting plugin GameplayTagsEditor
LogPluginManager: Mounting plugin GeometryMode
LogPluginManager: Mounting plugin MacGraphicsSwitching
LogPluginManager: Mounting plugin MaterialAnalyzer
LogPluginManager: Mounting plugin MobileLauncherProfileWizard
LogPluginManager: Mounting plugin PluginBrowser
LogPluginManager: Mounting plugin SpeedTreeImporter
LogPluginManager: Mounting plugin DatasmithContent
LogPluginManager: Mounting plugin VariantManagerContent
LogPluginManager: Mounting plugin AlembicImporter
LogPluginManager: Mounting plugin AutomationUtils
LogPluginManager: Mounting plugin BackChannel
LogPluginManager: Mounting plugin ChaosCloth
LogPluginManager: Mounting plugin ChaosClothEditor
LogPluginManager: Mounting plugin ChaosEditor
LogPluginManager: Mounting plugin ChaosNiagara
LogPluginManager: Mounting plugin ChaosSolverPlugin
LogPluginManager: Mounting plugin CharacterAI
LogPluginManager: Mounting plugin GeometryCache
LogPluginManager: Mounting plugin GeometryCollectionPlugin
LogPluginManager: Mounting plugin GeometryProcessing
LogPluginManager: Mounting plugin PlanarCut
LogPluginManager: Mounting plugin PlatformCrypto
LogPluginManager: Mounting plugin ProxyLODPlugin
LogPluginManager: Mounting plugin SkeletalReduction
LogPluginManager: Mounting plugin Niagara
LogPluginManager: Mounting plugin MagicLeap
LogPluginManager: Mounting plugin MagicLeapLightEstimation
LogPluginManager: Mounting plugin MagicLeapMedia
LogPluginManager: Mounting plugin MagicLeapPassableWorld
LogPluginManager: Mounting plugin MLSDK
LogPluginManager: Mounting plugin AndroidMedia
LogPluginManager: Mounting plugin AvfMedia
LogPluginManager: Mounting plugin ImgMedia
LogPluginManager: Mounting plugin MediaCompositing
LogPluginManager: Mounting plugin MediaPlayerEditor
LogPluginManager: Mounting plugin WebMMedia
LogPluginManager: Mounting plugin WmfMedia
LogPluginManager: Mounting plugin MeshPainting
LogPluginManager: Mounting plugin TcpMessaging
LogPluginManager: Mounting plugin UdpMessaging
LogPluginManager: Mounting plugin ActorSequence
LogPluginManager: Mounting plugin LevelSequenceEditor
LogPluginManager: Mounting plugin MatineeToLevelSequence
LogPluginManager: Mounting plugin MovieRenderPipeline
LogPluginManager: Mounting plugin TemplateSequence
LogPluginManager: Mounting plugin NetcodeUnitTest
LogPluginManager: Mounting plugin NUTUnrealEngine4
LogPluginManager: Mounting plugin OnlineSubsystemGooglePlay
LogPluginManager: Mounting plugin OnlineSubsystemIOS
LogPluginManager: Mounting plugin OnlineSubsystem
LogPluginManager: Mounting plugin OnlineSubsystemNull
LogPluginManager: Mounting plugin OnlineSubsystemUtils
LogPluginManager: Mounting plugin LauncherChunkInstaller
LogPluginManager: Mounting plugin AndroidDeviceProfileSelector
LogPluginManager: Mounting plugin AndroidMoviePlayer
LogPluginManager: Mounting plugin AndroidPermission
LogPluginManager: Mounting plugin AppleImageUtils
LogPluginManager: Mounting plugin AppleMoviePlayer
LogPluginManager: Mounting plugin ArchVisCharacter
LogPluginManager: Mounting plugin AssetTags
LogPluginManager: Mounting plugin AudioCapture
LogPluginManager: Mounting plugin CableComponent
LogPluginManager: Mounting plugin CustomMeshComponent
LogPluginManager: Mounting plugin EditableMesh
LogPluginManager: Mounting plugin ExampleDeviceProfileSelector
LogPluginManager: Mounting plugin GoogleCloudMessaging
LogPluginManager: Mounting plugin GooglePAD
LogPluginManager: Mounting plugin IOSDeviceProfileSelector
LogPluginManager: Mounting plugin LinuxDeviceProfileSelector
LogPluginManager: Mounting plugin LocationServicesBPLibrary
LogPluginManager: Mounting plugin MobilePatchingUtils
LogPluginManager: Mounting plugin OculusVR
LogPluginManager: Mounting plugin PhysXVehicles
LogPluginManager: Mounting plugin PostSplashScreen
LogPluginManager: Mounting plugin ProceduralMeshComponent
LogPluginManager: Mounting plugin RuntimePhysXCooking
LogPluginManager: Mounting plugin SignificanceManager
LogPluginManager: Mounting plugin SoundFields
LogPluginManager: Mounting plugin SteamVR
LogPluginManager: Mounting plugin Synthesis
LogPluginManager: Mounting plugin WebMMoviePlayer
LogPluginManager: Mounting plugin WindowsMoviePlayer
LogPluginManager: Mounting plugin ScreenshotTools
LogInit: Using libcurl 7.55.1-DEV
LogInit:  - built for x86_64-pc-win32
LogInit:  - supports SSL with OpenSSL/1.1.1
LogInit:  - supports HTTP deflate (compression) using libz 1.2.8
LogInit:  - other features:
LogInit:      CURL_VERSION_SSL
LogInit:      CURL_VERSION_LIBZ
LogInit:      CURL_VERSION_IPV6
LogInit:      CURL_VERSION_ASYNCHDNS
LogInit:      CURL_VERSION_LARGEFILE
LogInit:      CURL_VERSION_IDN
LogInit:  CurlRequestOptions (configurable via config and command line):
LogInit:  - bVerifyPeer = true  - Libcurl will verify peer certificate
LogInit:  - bUseHttpProxy = false  - Libcurl will NOT use HTTP proxy
LogInit:  - bDontReuseConnections = false  - Libcurl will reuse connections
LogInit:  - MaxHostConnections = 16  - Libcurl will limit the number of connections to a host
LogInit:  - LocalHostAddr = Default
LogInit:  - BufferSize = 65536
LogOnline: OSS: Creating online subsystem instance for: NULL
LogInit: WinSock: version 1.1 (2.2), MaxSocks=32767, MaxUdp=65467
LogOnline: OSS: TryLoadSubsystemAndSetDefault: Loaded subsystem for module [NULL]
LogInit: Build: ++UE4+Release-4.25-CL-13942748
LogInit: Engine Version: 4.25.3-13942748+++UE4+Release-4.25
LogInit: Compatible Engine Version: 4.25.0-13144385+++UE4+Release-4.25
LogInit: Net CL: 13144385
LogInit: OS: Windows 10 (Release 1909) (), CPU: AMD Ryzen 9 3900X 12-Core Processor            , GPU: AMD Radeon RX 5700 XT
LogInit: Compiled (64-bit): Jul 25 2020 02:07:48
LogInit: Compiled with Visual C++: 19.24.28315.00
LogInit: Build Configuration: Development
LogInit: Branch Name: ++UE4+Release-4.25
LogInit: Command Line:  -EpicPortal -epicusername=Kriptxnic -epicuserid=a0fe69cdf592433bb0151cf81c8cb431 -epiclocale=en
LogInit: Base Directory: D:/Program Files/Epic Games/UE_4.25/Engine/Binaries/Win64/
LogInit: Allocator: TBB
LogInit: Installed Engine Build: 1
LogDevObjectVersion: Number of dev versions registered: 26
LogDevObjectVersion:   Dev-Blueprints (B0D832E4-1F89-4F0D-ACCF-7EB736FD4AA2): 10
LogDevObjectVersion:   Dev-Build (E1C64328-A22C-4D53-A36C-8E866417BD8C): 0
LogDevObjectVersion:   Dev-Core (375EC13C-06E4-48FB-B500-84F0262A717E): 4
LogDevObjectVersion:   Dev-Editor (E4B068ED-F494-42E9-A231-DA0B2E46BB41): 38
LogDevObjectVersion:   Dev-Framework (CFFC743F-43B0-4480-9391-14DF171D2073): 37
LogDevObjectVersion:   Dev-Mobile (B02B49B5-BB20-44E9-A304-32B752E40360): 2
LogDevObjectVersion:   Dev-Networking (A4E4105C-59A1-49B5-A7C5-40C4547EDFEE): 0
LogDevObjectVersion:   Dev-Online (39C831C9-5AE6-47DC-9A44-9C173E1C8E7C): 0
LogDevObjectVersion:   Dev-Physics (78F01B33-EBEA-4F98-B9B4-84EACCB95AA2): 4
LogDevObjectVersion:   Dev-Platform (6631380F-2D4D-43E0-8009-CF276956A95A): 0
LogDevObjectVersion:   Dev-Rendering (12F88B9F-8875-4AFC-A67C-D90C383ABD29): 43
LogDevObjectVersion:   Dev-Sequencer (7B5AE74C-D270-4C10-A958-57980B212A5A): 12
LogDevObjectVersion:   Dev-VR (D7296918-1DD6-4BDD-9DE2-64A83CC13884): 3
LogDevObjectVersion:   Dev-LoadTimes (C2A15278-BFE7-4AFE-6C17-90FF531DF755): 1
LogDevObjectVersion:   Private-Geometry (6EACA3D4-40EC-4CC1-B786-8BED09428FC5): 3
LogDevObjectVersion:   Dev-AnimPhys (29E575DD-E0A3-4627-9D10-D276232CDCEA): 17
LogDevObjectVersion:   Dev-Anim (AF43A65D-7FD3-4947-9873-3E8ED9C1BB05): 7
LogDevObjectVersion:   Dev-ReflectionCapture (6B266CEC-1EC7-4B8F-A30B-E4D90942FC07): 1
LogDevObjectVersion:   Dev-Automation (0DF73D61-A23F-47EA-B727-89E90C41499A): 1
LogDevObjectVersion:   FortniteMain (601D1886-AC64-4F84-AA16-D3DE0DEAC7D6): 31
LogDevObjectVersion:   Dev-Enterprise (9DFFBCD6-494F-0158-E221-12823C92A888): 10
LogDevObjectVersion:   Dev-Niagara (F2AED0AC-9AFE-416F-8664-AA7FFA26D6FC): 1
LogDevObjectVersion:   Dev-Destruction (174F1F0B-B4C6-45A5-B13F-2EE8D0FB917D): 10
LogDevObjectVersion:   Dev-Physics-Ext (35F94A83-E258-406C-A318-09F59610247C): 37
LogDevObjectVersion:   Dev-PhysicsMaterial-Chaos (B68FC16E-8B1B-42E2-B453-215C058844FE): 1
LogDevObjectVersion:   Dev-CineCamera (B2E18506-4273-CFC2-A54E-F4BB758BBA07): 1
LogInit: Presizing for max 25165824 objects, including 0 objects not considered by GC, pre-allocating 0 bytes for permanent pool.
LogConfig: Applying CVar settings from Section [/Script/Engine.StreamingSettings] File [D:/Users/ferna/Projects/Archies-Adventure/Saved/Config/Windows/Engine.ini]
LogConfig: Setting CVar [[s.MinBulkDataSizeForAsyncLoading:131072]]
LogConfig: Setting CVar [[s.AsyncLoadingThreadEnabled:0]]
LogConfig: Setting CVar [[s.EventDrivenLoaderEnabled:1]]
LogConfig: Setting CVar [[s.WarnIfTimeLimitExceeded:0]]
LogConfig: Setting CVar [[s.TimeLimitExceededMultiplier:1.5]]
LogConfig: Setting CVar [[s.TimeLimitExceededMinTime:0.005]]
LogConfig: Setting CVar [[s.UseBackgroundLevelStreaming:1]]
LogConfig: Setting CVar [[s.PriorityAsyncLoadingExtraTime:15.0]]
LogConfig: Setting CVar [[s.LevelStreamingActorsUpdateTimeLimit:5.0]]
LogConfig: Setting CVar [[s.PriorityLevelStreamingActorsUpdateExtraTime:5.0]]
LogConfig: Setting CVar [[s.LevelStreamingComponentsRegistrationGranularity:10]]
LogConfig: Setting CVar [[s.UnregisterComponentsTimeLimit:1.0]]
LogConfig: Setting CVar [[s.LevelStreamingComponentsUnregistrationGranularity:5]]
LogConfig: Setting CVar [[s.FlushStreamingOnExit:1]]
LogInit: Object subsystem initialized
LogConfig: Setting CVar [[con.DebugEarlyDefault:1]]
LogConfig: Setting CVar [[r.setres:1280x720]]
[2020.12.11-09.48.19:278][  0]LogConfig: Setting CVar [[r.VSync:0]]
[2020.12.11-09.48.19:278][  0]LogConfig: Setting CVar [[r.RHICmdBypass:0]]
[2020.12.11-09.48.19:278][  0]LogConfig: Applying CVar settings from Section [/Script/Engine.RendererSettings] File [D:/Users/ferna/Projects/Archies-Adventure/Saved/Config/Windows/Engine.ini]
[2020.12.11-09.48.19:278][  0]LogConfig: Setting CVar [[r.GPUCrashDebugging:0]]
[2020.12.11-09.48.19:278][  0]LogConfig: Setting CVar [[r.MobileHDR:0]]
[2020.12.11-09.48.19:278][  0]LogConfig: Applying CVar settings from Section [/Script/Engine.RendererOverrideSettings] File [D:/Users/ferna/Projects/Archies-Adventure/Saved/Config/Windows/Engine.ini]
[2020.12.11-09.48.19:278][  0]LogConfig: Applying CVar settings from Section [/Script/Engine.StreamingSettings] File [D:/Users/ferna/Projects/Archies-Adventure/Saved/Config/Windows/Engine.ini]
[2020.12.11-09.48.19:278][  0]LogConfig: Setting CVar [[s.MinBulkDataSizeForAsyncLoading:131072]]
[2020.12.11-09.48.19:278][  0]LogConfig: Setting CVar [[s.AsyncLoadingThreadEnabled:0]]
[2020.12.11-09.48.19:278][  0]LogConfig: Setting CVar [[s.EventDrivenLoaderEnabled:1]]
[2020.12.11-09.48.19:278][  0]LogConfig: Setting CVar [[s.WarnIfTimeLimitExceeded:0]]
[2020.12.11-09.48.19:278][  0]LogConfig: Setting CVar [[s.TimeLimitExceededMultiplier:1.5]]
[2020.12.11-09.48.19:278][  0]LogConfig: Setting CVar [[s.TimeLimitExceededMinTime:0.005]]
[2020.12.11-09.48.19:278][  0]LogConfig: Setting CVar [[s.UseBackgroundLevelStreaming:1]]
[2020.12.11-09.48.19:278][  0]LogConfig: Setting CVar [[s.PriorityAsyncLoadingExtraTime:15.0]]
[2020.12.11-09.48.19:278][  0]LogConfig: Setting CVar [[s.LevelStreamingActorsUpdateTimeLimit:5.0]]
[2020.12.11-09.48.19:278][  0]LogConfig: Setting CVar [[s.PriorityLevelStreamingActorsUpdateExtraTime:5.0]]
[2020.12.11-09.48.19:278][  0]LogConfig: Setting CVar [[s.LevelStreamingComponentsRegistrationGranularity:10]]
[2020.12.11-09.48.19:278][  0]LogConfig: Setting CVar [[s.UnregisterComponentsTimeLimit:1.0]]
[2020.12.11-09.48.19:278][  0]LogConfig: Setting CVar [[s.LevelStreamingComponentsUnregistrationGranularity:5]]
[2020.12.11-09.48.19:278][  0]LogConfig: Setting CVar [[s.FlushStreamingOnExit:1]]
[2020.12.11-09.48.19:278][  0]LogConfig: Applying CVar settings from Section [/Script/Engine.GarbageCollectionSettings] File [D:/Users/ferna/Projects/Archies-Adventure/Saved/Config/Windows/Engine.ini]
[2020.12.11-09.48.19:278][  0]LogConfig: Setting CVar [[gc.MaxObjectsNotConsideredByGC:1]]
[2020.12.11-09.48.19:278][  0]LogConfig: Setting CVar [[gc.SizeOfPermanentObjectPool:0]]
[2020.12.11-09.48.19:278][  0]LogConfig: Setting CVar [[gc.FlushStreamingOnGC:0]]
[2020.12.11-09.48.19:278][  0]LogConfig: Setting CVar [[gc.NumRetriesBeforeForcingGC:10]]
[2020.12.11-09.48.19:278][  0]LogConfig: Setting CVar [[gc.AllowParallelGC:1]]
[2020.12.11-09.48.19:278][  0]LogConfig: Setting CVar [[gc.TimeBetweenPurgingPendingKillObjects:61.1]]
[2020.12.11-09.48.19:278][  0]LogConfig: Setting CVar [[gc.MaxObjectsInEditor:25165824]]
[2020.12.11-09.48.19:278][  0]LogConfig: Setting CVar [[gc.IncrementalBeginDestroyEnabled:1]]
[2020.12.11-09.48.19:278][  0]LogConfig: Setting CVar [[gc.CreateGCClusters:1]]
[2020.12.11-09.48.19:278][  0]LogConfig: Setting CVar [[gc.MinGCClusterSize:5]]
[2020.12.11-09.48.19:278][  0]LogConfig: Setting CVar [[gc.ActorClusteringEnabled:0]]
[2020.12.11-09.48.19:278][  0]LogConfig: Setting CVar [[gc.BlueprintClusteringEnabled:0]]
[2020.12.11-09.48.19:278][  0]LogConfig: Setting CVar [[gc.UseDisregardForGCOnDedicatedServers:0]]
[2020.12.11-09.48.19:278][  0]LogConfig: Applying CVar settings from Section [/Script/Engine.NetworkSettings] File [D:/Users/ferna/Projects/Archies-Adventure/Saved/Config/Windows/Engine.ini]
[2020.12.11-09.48.19:278][  0]LogConfig: Applying CVar settings from Section [/Script/UnrealEd.CookerSettings] File [D:/Users/ferna/Projects/Archies-Adventure/Saved/Config/Windows/Engine.ini]
[2020.12.11-09.48.19:299][  0]LogConfig: Applying CVar settings from Section [ViewDistanceQuality@3] File [D:/Users/ferna/Projects/Archies-Adventure/Saved/Config/Windows/Scalability.ini]
[2020.12.11-09.48.19:299][  0]LogConfig: Setting CVar [[r.SkeletalMeshLODBias:0]]
[2020.12.11-09.48.19:299][  0]LogConfig: Setting CVar [[r.ViewDistanceScale:1.0]]
[2020.12.11-09.48.19:299][  0]LogConfig: Applying CVar settings from Section [AntiAliasingQuality@3] File [D:/Users/ferna/Projects/Archies-Adventure/Saved/Config/Windows/Scalability.ini]
[2020.12.11-09.48.19:299][  0]LogConfig: Setting CVar [[r.PostProcessAAQuality:4]]
[2020.12.11-09.48.19:299][  0]LogConfig: Applying CVar settings from Section [ShadowQuality@3] File [D:/Users/ferna/Projects/Archies-Adventure/Saved/Config/Windows/Scalability.ini]
[2020.12.11-09.48.19:299][  0]LogConfig: Setting CVar [[r.LightFunctionQuality:1]]
[2020.12.11-09.48.19:299][  0]LogConfig: Setting CVar [[r.ShadowQuality:5]]
[2020.12.11-09.48.19:299][  0]LogConfig: Setting CVar [[r.Shadow.CSM.MaxCascades:10]]
[2020.12.11-09.48.19:299][  0]LogConfig: Setting CVar [[r.Shadow.MaxResolution:2048]]
[2020.12.11-09.48.19:299][  0]LogConfig: Setting CVar [[r.Shadow.MaxCSMResolution:2048]]
[2020.12.11-09.48.19:299][  0]LogConfig: Setting CVar [[r.Shadow.RadiusThreshold:0.01]]
[2020.12.11-09.48.19:299][  0]LogConfig: Setting CVar [[r.Shadow.DistanceScale:1.0]]
[2020.12.11-09.48.19:299][  0]LogConfig: Setting CVar [[r.Shadow.CSM.TransitionScale:1.0]]
[2020.12.11-09.48.19:299][  0]LogConfig: Setting CVar [[r.Shadow.PreShadowResolutionFactor:1.0]]
[2020.12.11-09.48.19:299][  0]LogConfig: Setting CVar [[r.DistanceFieldShadowing:1]]
[2020.12.11-09.48.19:299][  0]LogConfig: Setting CVar [[r.DistanceFieldAO:1]]
[2020.12.11-09.48.19:299][  0]LogConfig: Setting CVar [[r.AOQuality:2]]
[2020.12.11-09.48.19:299][  0]LogConfig: Setting CVar [[r.VolumetricFog:1]]
[2020.12.11-09.48.19:299][  0]LogConfig: Setting CVar [[r.VolumetricFog.GridPixelSize:8]]
[2020.12.11-09.48.19:299][  0]LogConfig: Setting CVar [[r.VolumetricFog.GridSizeZ:128]]
[2020.12.11-09.48.19:299][  0]LogConfig: Setting CVar [[r.VolumetricFog.HistoryMissSupersampleCount:4]]
[2020.12.11-09.48.19:299][  0]LogConfig: Setting CVar [[r.LightMaxDrawDistanceScale:1]]
[2020.12.11-09.48.19:299][  0]LogConfig: Setting CVar [[r.CapsuleShadows:1]]
[2020.12.11-09.48.19:299][  0]LogConfig: Applying CVar settings from Section [PostProcessQuality@3] File [D:/Users/ferna/Projects/Archies-Adventure/Saved/Config/Windows/Scalability.ini]
[2020.12.11-09.48.19:299][  0]LogConfig: Setting CVar [[r.MotionBlurQuality:4]]
[2020.12.11-09.48.19:299][  0]LogConfig: Setting CVar [[r.AmbientOcclusionMipLevelFactor:0.4]]
[2020.12.11-09.48.19:299][  0]LogConfig: Setting CVar [[r.AmbientOcclusionMaxQuality:100]]
[2020.12.11-09.48.19:299][  0]LogConfig: Setting CVar [[r.AmbientOcclusionLevels:-1]]
[2020.12.11-09.48.19:299][  0]LogConfig: Setting CVar [[r.AmbientOcclusionRadiusScale:1.0]]
[2020.12.11-09.48.19:299][  0]LogConfig: Setting CVar [[r.DepthOfFieldQuality:2]]
[2020.12.11-09.48.19:299][  0]LogConfig: Setting CVar [[r.RenderTargetPoolMin:400]]
[2020.12.11-09.48.19:299][  0]LogConfig: Setting CVar [[r.LensFlareQuality:2]]
[2020.12.11-09.48.19:299][  0]LogConfig: Setting CVar [[r.SceneColorFringeQuality:1]]
[2020.12.11-09.48.19:299][  0]LogConfig: Setting CVar [[r.EyeAdaptationQuality:2]]
[2020.12.11-09.48.19:299][  0]LogConfig: Setting CVar [[r.BloomQuality:5]]
[2020.12.11-09.48.19:299][  0]LogConfig: Setting CVar [[r.FastBlurThreshold:100]]
[2020.12.11-09.48.19:299][  0]LogConfig: Setting CVar [[r.Upscale.Quality:3]]
[2020.12.11-09.48.19:299][  0]LogConfig: Setting CVar [[r.Tonemapper.GrainQuantization:1]]
[2020.12.11-09.48.19:299][  0]LogConfig: Setting CVar [[r.LightShaftQuality:1]]
[2020.12.11-09.48.19:299][  0]LogConfig: Setting CVar [[r.Filter.SizeScale:1]]
[2020.12.11-09.48.19:299][  0]LogConfig: Setting CVar [[r.Tonemapper.Quality:5]]
[2020.12.11-09.48.19:299][  0]LogConfig: Setting CVar [[r.DOF.Gather.AccumulatorQuality:1        ; higher gathering accumulator quality]]
[2020.12.11-09.48.19:299][  0]LogConfig: Setting CVar [[r.DOF.Gather.PostfilterMethod:1          ; Median3x3 postfilering method]]
[2020.12.11-09.48.19:299][  0]LogConfig: Setting CVar [[r.DOF.Gather.EnableBokehSettings:0       ; no bokeh simulation when gathering]]
[2020.12.11-09.48.19:299][  0]LogConfig: Setting CVar [[r.DOF.Gather.RingCount:4                 ; medium number of samples when gathering]]
[2020.12.11-09.48.19:299][  0]LogConfig: Setting CVar [[r.DOF.Scatter.ForegroundCompositing:1    ; additive foreground scattering]]
[2020.12.11-09.48.19:299][  0]LogConfig: Setting CVar [[r.DOF.Scatter.BackgroundCompositing:2    ; additive background scattering]]
[2020.12.11-09.48.19:299][  0]LogConfig: Setting CVar [[r.DOF.Scatter.EnableBokehSettings:1      ; bokeh simulation when scattering]]
[2020.12.11-09.48.19:299][  0]LogConfig: Setting CVar [[r.DOF.Scatter.MaxSpriteRatio:0.1         ; only a maximum of 10% of scattered bokeh]]
[2020.12.11-09.48.19:299][  0]LogConfig: Setting CVar [[r.DOF.Recombine.Quality:1                ; cheap slight out of focus]]
[2020.12.11-09.48.19:299][  0]LogConfig: Setting CVar [[r.DOF.Recombine.EnableBokehSettings:0    ; no bokeh simulation on slight out of focus]]
[2020.12.11-09.48.19:299][  0]LogConfig: Setting CVar [[r.DOF.TemporalAAQuality:1                ; more stable temporal accumulation]]
[2020.12.11-09.48.19:299][  0]LogConfig: Setting CVar [[r.DOF.Kernel.MaxForegroundRadius:0.025]]
[2020.12.11-09.48.19:299][  0]LogConfig: Setting CVar [[r.DOF.Kernel.MaxBackgroundRadius:0.025]]
[2020.12.11-09.48.19:299][  0]LogConfig: Applying CVar settings from Section [TextureQuality@3] File [D:/Users/ferna/Projects/Archies-Adventure/Saved/Config/Windows/Scalability.ini]
[2020.12.11-09.48.19:299][  0]LogConfig: Setting CVar [[r.Streaming.MipBias:0]]
[2020.12.11-09.48.19:299][  0]LogConfig: Setting CVar [[r.Streaming.AmortizeCPUToGPUCopy:0]]
[2020.12.11-09.48.19:299][  0]LogConfig: Setting CVar [[r.Streaming.MaxNumTexturesToStreamPerFrame:0]]
[2020.12.11-09.48.19:299][  0]LogConfig: Setting CVar [[r.Streaming.Boost:1]]
[2020.12.11-09.48.19:299][  0]LogConfig: Setting CVar [[r.MaxAnisotropy:8]]
[2020.12.11-09.48.19:299][  0]LogConfig: Setting CVar [[r.VT.MaxAnisotropy:8]]
[2020.12.11-09.48.19:299][  0]LogConfig: Setting CVar [[r.Streaming.LimitPoolSizeToVRAM:0]]
[2020.12.11-09.48.19:299][  0]LogConfig: Setting CVar [[r.Streaming.PoolSize:1000]]
[2020.12.11-09.48.19:299][  0]LogConfig: Setting CVar [[r.Streaming.MaxEffectiveScreenSize:0]]
[2020.12.11-09.48.19:299][  0]LogConfig: Applying CVar settings from Section [EffectsQuality@3] File [D:/Users/ferna/Projects/Archies-Adventure/Saved/Config/Windows/Scalability.ini]
[2020.12.11-09.48.19:299][  0]LogConfig: Setting CVar [[r.TranslucencyLightingVolumeDim:64]]
[2020.12.11-09.48.19:299][  0]LogConfig: Setting CVar [[r.RefractionQuality:2]]
[2020.12.11-09.48.19:299][  0]LogConfig: Setting CVar [[r.SSR.Quality:3]]
[2020.12.11-09.48.19:299][  0]LogConfig: Setting CVar [[r.SSR.HalfResSceneColor:0]]
[2020.12.11-09.48.19:299][  0]LogConfig: Setting CVar [[r.SceneColorFormat:4]]
[2020.12.11-09.48.19:299][  0]LogConfig: Setting CVar [[r.DetailMode:2]]
[2020.12.11-09.48.19:299][  0]LogConfig: Setting CVar [[r.TranslucencyVolumeBlur:1]]
[2020.12.11-09.48.19:299][  0]LogConfig: Setting CVar [[r.MaterialQualityLevel:1 ; High quality]]
[2020.12.11-09.48.19:299][  0]LogConfig: Setting CVar [[r.SSS.Scale:1]]
[2020.12.11-09.48.19:299][  0]LogConfig: Setting CVar [[r.SSS.SampleSet:2]]
[2020.12.11-09.48.19:299][  0]LogConfig: Setting CVar [[r.SSS.Quality:1]]
[2020.12.11-09.48.19:299][  0]LogConfig: Setting CVar [[r.SSS.HalfRes:0]]
[2020.12.11-09.48.19:299][  0]LogConfig: Setting CVar [[r.SSGI.Quality:3]]
[2020.12.11-09.48.19:299][  0]LogConfig: Setting CVar [[r.EmitterSpawnRateScale:1.0]]
[2020.12.11-09.48.19:299][  0]LogConfig: Setting CVar [[r.ParticleLightQuality:2]]
[2020.12.11-09.48.19:299][  0]LogConfig: Setting CVar [[r.SkyAtmosphere.AerialPerspectiveLUT.FastApplyOnOpaque:1 ; Always have FastSkyLUT 1 in this case to avoid wrong sky]]
[2020.12.11-09.48.19:299][  0]LogConfig: Setting CVar [[r.SkyAtmosphere.AerialPerspectiveLUT.SampleCountPerSlice:1]]
[2020.12.11-09.48.19:299][  0]LogConfig: Setting CVar [[r.SkyAtmosphere.AerialPerspectiveLUT.DepthResolution:16.0]]
[2020.12.11-09.48.19:299][  0]LogConfig: Setting CVar [[r.SkyAtmosphere.FastSkyLUT:1]]
[2020.12.11-09.48.19:299][  0]LogConfig: Setting CVar [[r.SkyAtmosphere.FastSkyLUT.SampleCountMin:4.0]]
[2020.12.11-09.48.19:299][  0]LogConfig: Setting CVar [[r.SkyAtmosphere.FastSkyLUT.SampleCountMax:32.0]]
[2020.12.11-09.48.19:299][  0]LogConfig: Setting CVar [[r.SkyAtmosphere.SampleCountMin:4.0]]
[2020.12.11-09.48.19:299][  0]LogConfig: Setting CVar [[r.SkyAtmosphere.SampleCountMax:32.0]]
[2020.12.11-09.48.19:299][  0]LogConfig: Setting CVar [[r.SkyAtmosphere.TransmittanceLUT.UseSmallFormat:0]]
[2020.12.11-09.48.19:300][  0]LogConfig: Setting CVar [[r.SkyAtmosphere.TransmittanceLUT.SampleCount:10.0]]
[2020.12.11-09.48.19:300][  0]LogConfig: Setting CVar [[r.SkyAtmosphere.MultiScatteringLUT.SampleCount:15.0]]
[2020.12.11-09.48.19:300][  0]LogConfig: Applying CVar settings from Section [FoliageQuality@3] File [D:/Users/ferna/Projects/Archies-Adventure/Saved/Config/Windows/Scalability.ini]
[2020.12.11-09.48.19:300][  0]LogConfig: Setting CVar [[foliage.DensityScale:1.0]]
[2020.12.11-09.48.19:300][  0]LogConfig: Setting CVar [[grass.DensityScale:1.0]]
[2020.12.11-09.48.19:300][  0]LogConfig: Applying CVar settings from Section [ShadingQuality@3] File [D:/Users/ferna/Projects/Archies-Adventure/Saved/Config/Windows/Scalability.ini]
[2020.12.11-09.48.19:300][  0]LogConfig: Setting CVar [[r.HairStrands.SkyLighting.SampleCount:16]]
[2020.12.11-09.48.19:300][  0]LogConfig: Setting CVar [[r.HairStrands.SkyLighting.JitterIntegration:0]]
[2020.12.11-09.48.19:300][  0]LogConfig: Setting CVar [[r.HairStrands.SkyAO.SampleCount:16]]
[2020.12.11-09.48.19:300][  0]LogConfig: Setting CVar [[r.HairStrands.DeepShadow.SuperSampling:0]]
[2020.12.11-09.48.19:300][  0]LogConfig: Setting CVar [[r.HairStrands.VisibilityPPLL:0]]
[2020.12.11-09.48.19:300][  0]LogConfig: Setting CVar [[r.HairStrands.RasterizationScale:0.5]]
[2020.12.11-09.48.19:300][  0]LogConfig: Setting CVar [[r.HairStrands.VelocityRasterizationScale:1]]
[2020.12.11-09.48.19:300][  0]LogInit: Selected Device Profile: [Windows]
[2020.12.11-09.48.19:300][  0]LogInit: Applying CVar settings loaded from the selected device profile: [Windows]
[2020.12.11-09.48.19:300][  0]LogHAL: Display: Platform has ~ 32 GB [34304352256 / 34359738368 / 32], which maps to Largest [LargestMinGB=32, LargerMinGB=12, DefaultMinGB=8, SmallerMinGB=6, SmallestMinGB=0)
[2020.12.11-09.48.19:300][  0]LogInit: Going up to parent DeviceProfile []
[2020.12.11-09.48.19:300][  0]LogConfig: Applying CVar settings from Section [ViewDistanceQuality@3] File [D:/Users/ferna/Projects/Archies-Adventure/Saved/Config/Windows/Scalability.ini]
[2020.12.11-09.48.19:300][  0]LogConfig: Setting CVar [[r.SkeletalMeshLODBias:0]]
[2020.12.11-09.48.19:300][  0]LogConfig: Setting CVar [[r.ViewDistanceScale:1.0]]
[2020.12.11-09.48.19:300][  0]LogConfig: Applying CVar settings from Section [AntiAliasingQuality@3] File [D:/Users/ferna/Projects/Archies-Adventure/Saved/Config/Windows/Scalability.ini]
[2020.12.11-09.48.19:300][  0]LogConfig: Setting CVar [[r.PostProcessAAQuality:4]]
[2020.12.11-09.48.19:300][  0]LogConfig: Applying CVar settings from Section [ShadowQuality@3] File [D:/Users/ferna/Projects/Archies-Adventure/Saved/Config/Windows/Scalability.ini]
[2020.12.11-09.48.19:300][  0]LogConfig: Setting CVar [[r.LightFunctionQuality:1]]
[2020.12.11-09.48.19:300][  0]LogConfig: Setting CVar [[r.ShadowQuality:5]]
[2020.12.11-09.48.19:300][  0]LogConfig: Setting CVar [[r.Shadow.CSM.MaxCascades:10]]
[2020.12.11-09.48.19:300][  0]LogConfig: Setting CVar [[r.Shadow.MaxResolution:2048]]
[2020.12.11-09.48.19:300][  0]LogConfig: Setting CVar [[r.Shadow.MaxCSMResolution:2048]]
[2020.12.11-09.48.19:300][  0]LogConfig: Setting CVar [[r.Shadow.RadiusThreshold:0.01]]
[2020.12.11-09.48.19:300][  0]LogConfig: Setting CVar [[r.Shadow.DistanceScale:1.0]]
[2020.12.11-09.48.19:300][  0]LogConfig: Setting CVar [[r.Shadow.CSM.TransitionScale:1.0]]
[2020.12.11-09.48.19:300][  0]LogConfig: Setting CVar [[r.Shadow.PreShadowResolutionFactor:1.0]]
[2020.12.11-09.48.19:300][  0]LogConfig: Setting CVar [[r.DistanceFieldShadowing:1]]
[2020.12.11-09.48.19:300][  0]LogConfig: Setting CVar [[r.DistanceFieldAO:1]]
[2020.12.11-09.48.19:300][  0]LogConfig: Setting CVar [[r.AOQuality:2]]
[2020.12.11-09.48.19:300][  0]LogConfig: Setting CVar [[r.VolumetricFog:1]]
[2020.12.11-09.48.19:300][  0]LogConfig: Setting CVar [[r.VolumetricFog.GridPixelSize:8]]
[2020.12.11-09.48.19:300][  0]LogConfig: Setting CVar [[r.VolumetricFog.GridSizeZ:128]]
[2020.12.11-09.48.19:300][  0]LogConfig: Setting CVar [[r.VolumetricFog.HistoryMissSupersampleCount:4]]
[2020.12.11-09.48.19:300][  0]LogConfig: Setting CVar [[r.LightMaxDrawDistanceScale:1]]
[2020.12.11-09.48.19:300][  0]LogConfig: Setting CVar [[r.CapsuleShadows:1]]
[2020.12.11-09.48.19:300][  0]LogConfig: Applying CVar settings from Section [PostProcessQuality@3] File [D:/Users/ferna/Projects/Archies-Adventure/Saved/Config/Windows/Scalability.ini]
[2020.12.11-09.48.19:300][  0]LogConfig: Setting CVar [[r.MotionBlurQuality:4]]
[2020.12.11-09.48.19:300][  0]LogConfig: Setting CVar [[r.AmbientOcclusionMipLevelFactor:0.4]]
[2020.12.11-09.48.19:300][  0]LogConfig: Setting CVar [[r.AmbientOcclusionMaxQuality:100]]
[2020.12.11-09.48.19:300][  0]LogConfig: Setting CVar [[r.AmbientOcclusionLevels:-1]]
[2020.12.11-09.48.19:300][  0]LogConfig: Setting CVar [[r.AmbientOcclusionRadiusScale:1.0]]
[2020.12.11-09.48.19:300][  0]LogConfig: Setting CVar [[r.DepthOfFieldQuality:2]]
[2020.12.11-09.48.19:300][  0]LogConfig: Setting CVar [[r.RenderTargetPoolMin:400]]
[2020.12.11-09.48.19:300][  0]LogConfig: Setting CVar [[r.LensFlareQuality:2]]
[2020.12.11-09.48.19:300][  0]LogConfig: Setting CVar [[r.SceneColorFringeQuality:1]]
[2020.12.11-09.48.19:300][  0]LogConfig: Setting CVar [[r.EyeAdaptationQuality:2]]
[2020.12.11-09.48.19:300][  0]LogConfig: Setting CVar [[r.BloomQuality:5]]
[2020.12.11-09.48.19:300][  0]LogConfig: Setting CVar [[r.FastBlurThreshold:100]]
[2020.12.11-09.48.19:300][  0]LogConfig: Setting CVar [[r.Upscale.Quality:3]]
[2020.12.11-09.48.19:300][  0]LogConfig: Setting CVar [[r.Tonemapper.GrainQuantization:1]]
[2020.12.11-09.48.19:300][  0]LogConfig: Setting CVar [[r.LightShaftQuality:1]]
[2020.12.11-09.48.19:300][  0]LogConfig: Setting CVar [[r.Filter.SizeScale:1]]
[2020.12.11-09.48.19:300][  0]LogConfig: Setting CVar [[r.Tonemapper.Quality:5]]
[2020.12.11-09.48.19:300][  0]LogConfig: Setting CVar [[r.DOF.Gather.AccumulatorQuality:1        ; higher gathering accumulator quality]]
[2020.12.11-09.48.19:300][  0]LogConfig: Setting CVar [[r.DOF.Gather.PostfilterMethod:1          ; Median3x3 postfilering method]]
[2020.12.11-09.48.19:300][  0]LogConfig: Setting CVar [[r.DOF.Gather.EnableBokehSettings:0       ; no bokeh simulation when gathering]]
[2020.12.11-09.48.19:300][  0]LogConfig: Setting CVar [[r.DOF.Gather.RingCount:4                 ; medium number of samples when gathering]]
[2020.12.11-09.48.19:300][  0]LogConfig: Setting CVar [[r.DOF.Scatter.ForegroundCompositing:1    ; additive foreground scattering]]
[2020.12.11-09.48.19:300][  0]LogConfig: Setting CVar [[r.DOF.Scatter.BackgroundCompositing:2    ; additive background scattering]]
[2020.12.11-09.48.19:300][  0]LogConfig: Setting CVar [[r.DOF.Scatter.EnableBokehSettings:1      ; bokeh simulation when scattering]]
[2020.12.11-09.48.19:300][  0]LogConfig: Setting CVar [[r.DOF.Scatter.MaxSpriteRatio:0.1         ; only a maximum of 10% of scattered bokeh]]
[2020.12.11-09.48.19:300][  0]LogConfig: Setting CVar [[r.DOF.Recombine.Quality:1                ; cheap slight out of focus]]
[2020.12.11-09.48.19:300][  0]LogConfig: Setting CVar [[r.DOF.Recombine.EnableBokehSettings:0    ; no bokeh simulation on slight out of focus]]
[2020.12.11-09.48.19:300][  0]LogConfig: Setting CVar [[r.DOF.TemporalAAQuality:1                ; more stable temporal accumulation]]
[2020.12.11-09.48.19:300][  0]LogConfig: Setting CVar [[r.DOF.Kernel.MaxForegroundRadius:0.025]]
[2020.12.11-09.48.19:300][  0]LogConfig: Setting CVar [[r.DOF.Kernel.MaxBackgroundRadius:0.025]]
[2020.12.11-09.48.19:300][  0]LogConfig: Applying CVar settings from Section [TextureQuality@3] File [D:/Users/ferna/Projects/Archies-Adventure/Saved/Config/Windows/Scalability.ini]
[2020.12.11-09.48.19:300][  0]LogConfig: Setting CVar [[r.Streaming.MipBias:0]]
[2020.12.11-09.48.19:300][  0]LogConfig: Setting CVar [[r.Streaming.AmortizeCPUToGPUCopy:0]]
[2020.12.11-09.48.19:300][  0]LogConfig: Setting CVar [[r.Streaming.MaxNumTexturesToStreamPerFrame:0]]
[2020.12.11-09.48.19:300][  0]LogConfig: Setting CVar [[r.Streaming.Boost:1]]
[2020.12.11-09.48.19:300][  0]LogConfig: Setting CVar [[r.MaxAnisotropy:8]]
[2020.12.11-09.48.19:300][  0]LogConfig: Setting CVar [[r.VT.MaxAnisotropy:8]]
[2020.12.11-09.48.19:300][  0]LogConfig: Setting CVar [[r.Streaming.LimitPoolSizeToVRAM:0]]
[2020.12.11-09.48.19:300][  0]LogConfig: Setting CVar [[r.Streaming.PoolSize:1000]]
[2020.12.11-09.48.19:300][  0]LogConfig: Setting CVar [[r.Streaming.MaxEffectiveScreenSize:0]]
[2020.12.11-09.48.19:300][  0]LogConfig: Applying CVar settings from Section [EffectsQuality@3] File [D:/Users/ferna/Projects/Archies-Adventure/Saved/Config/Windows/Scalability.ini]
[2020.12.11-09.48.19:300][  0]LogConfig: Setting CVar [[r.TranslucencyLightingVolumeDim:64]]
[2020.12.11-09.48.19:300][  0]LogConfig: Setting CVar [[r.RefractionQuality:2]]
[2020.12.11-09.48.19:300][  0]LogConfig: Setting CVar [[r.SSR.Quality:3]]
[2020.12.11-09.48.19:300][  0]LogConfig: Setting CVar [[r.SSR.HalfResSceneColor:0]]
[2020.12.11-09.48.19:300][  0]LogConfig: Setting CVar [[r.SceneColorFormat:4]]
[2020.12.11-09.48.19:300][  0]LogConfig: Setting CVar [[r.DetailMode:2]]
[2020.12.11-09.48.19:300][  0]LogConfig: Setting CVar [[r.TranslucencyVolumeBlur:1]]
[2020.12.11-09.48.19:301][  0]LogConfig: Setting CVar [[r.MaterialQualityLevel:1 ; High quality]]
[2020.12.11-09.48.19:301][  0]LogConfig: Setting CVar [[r.SSS.Scale:1]]
[2020.12.11-09.48.19:301][  0]LogConfig: Setting CVar [[r.SSS.SampleSet:2]]
[2020.12.11-09.48.19:301][  0]LogConfig: Setting CVar [[r.SSS.Quality:1]]
[2020.12.11-09.48.19:301][  0]LogConfig: Setting CVar [[r.SSS.HalfRes:0]]
[2020.12.11-09.48.19:301][  0]LogConfig: Setting CVar [[r.SSGI.Quality:3]]
[2020.12.11-09.48.19:301][  0]LogConfig: Setting CVar [[r.EmitterSpawnRateScale:1.0]]
[2020.12.11-09.48.19:301][  0]LogConfig: Setting CVar [[r.ParticleLightQuality:2]]
[2020.12.11-09.48.19:301][  0]LogConfig: Setting CVar [[r.SkyAtmosphere.AerialPerspectiveLUT.FastApplyOnOpaque:1 ; Always have FastSkyLUT 1 in this case to avoid wrong sky]]
[2020.12.11-09.48.19:301][  0]LogConfig: Setting CVar [[r.SkyAtmosphere.AerialPerspectiveLUT.SampleCountPerSlice:1]]
[2020.12.11-09.48.19:301][  0]LogConfig: Setting CVar [[r.SkyAtmosphere.AerialPerspectiveLUT.DepthResolution:16.0]]
[2020.12.11-09.48.19:301][  0]LogConfig: Setting CVar [[r.SkyAtmosphere.FastSkyLUT:1]]
[2020.12.11-09.48.19:301][  0]LogConfig: Setting CVar [[r.SkyAtmosphere.FastSkyLUT.SampleCountMin:4.0]]
[2020.12.11-09.48.19:301][  0]LogConfig: Setting CVar [[r.SkyAtmosphere.FastSkyLUT.SampleCountMax:32.0]]
[2020.12.11-09.48.19:301][  0]LogConfig: Setting CVar [[r.SkyAtmosphere.SampleCountMin:4.0]]
[2020.12.11-09.48.19:301][  0]LogConfig: Setting CVar [[r.SkyAtmosphere.SampleCountMax:32.0]]
[2020.12.11-09.48.19:301][  0]LogConfig: Setting CVar [[r.SkyAtmosphere.TransmittanceLUT.UseSmallFormat:0]]
[2020.12.11-09.48.19:301][  0]LogConfig: Setting CVar [[r.SkyAtmosphere.TransmittanceLUT.SampleCount:10.0]]
[2020.12.11-09.48.19:301][  0]LogConfig: Setting CVar [[r.SkyAtmosphere.MultiScatteringLUT.SampleCount:15.0]]
[2020.12.11-09.48.19:301][  0]LogConfig: Applying CVar settings from Section [FoliageQuality@3] File [D:/Users/ferna/Projects/Archies-Adventure/Saved/Config/Windows/Scalability.ini]
[2020.12.11-09.48.19:301][  0]LogConfig: Setting CVar [[foliage.DensityScale:1.0]]
[2020.12.11-09.48.19:301][  0]LogConfig: Setting CVar [[grass.DensityScale:1.0]]
[2020.12.11-09.48.19:301][  0]LogConfig: Applying CVar settings from Section [ShadingQuality@3] File [D:/Users/ferna/Projects/Archies-Adventure/Saved/Config/Windows/Scalability.ini]
[2020.12.11-09.48.19:301][  0]LogConfig: Setting CVar [[r.HairStrands.SkyLighting.SampleCount:16]]
[2020.12.11-09.48.19:301][  0]LogConfig: Setting CVar [[r.HairStrands.SkyLighting.JitterIntegration:0]]
[2020.12.11-09.48.19:301][  0]LogConfig: Setting CVar [[r.HairStrands.SkyAO.SampleCount:16]]
[2020.12.11-09.48.19:301][  0]LogConfig: Setting CVar [[r.HairStrands.DeepShadow.SuperSampling:0]]
[2020.12.11-09.48.19:301][  0]LogConfig: Setting CVar [[r.HairStrands.VisibilityPPLL:0]]
[2020.12.11-09.48.19:301][  0]LogConfig: Setting CVar [[r.HairStrands.RasterizationScale:0.5]]
[2020.12.11-09.48.19:301][  0]LogConfig: Setting CVar [[r.HairStrands.VelocityRasterizationScale:1]]
[2020.12.11-09.48.19:301][  0]LogConfig: Applying CVar settings from Section [Startup] File [../../../Engine/Config/ConsoleVariables.ini]
[2020.12.11-09.48.19:301][  0]LogConfig: Setting CVar [[net.UseAdaptiveNetUpdateFrequency:0]]
[2020.12.11-09.48.19:301][  0]LogConfig: Setting CVar [[p.chaos.AllowCreatePhysxBodies:1]]
[2020.12.11-09.48.19:301][  0]LogConfig: Setting CVar [[fx.SkipVectorVMBackendOptimizations:1]]
[2020.12.11-09.48.19:301][  0]LogConfig: Applying CVar settings from Section [ConsoleVariables] File [D:/Users/ferna/Projects/Archies-Adventure/Saved/Config/Windows/Engine.ini]
[2020.12.11-09.48.19:301][  0]LogInit: Computer: DESKTOP-734F70M
[2020.12.11-09.48.19:301][  0]LogInit: User: ferna
[2020.12.11-09.48.19:301][  0]LogInit: CPU Page size=4096, Cores=12
[2020.12.11-09.48.19:301][  0]LogInit: High frequency timer resolution =10.000000 MHz
[2020.12.11-09.48.19:301][  0]LogMemory: Memory total: Physical=31.9GB (32GB approx)
[2020.12.11-09.48.19:301][  0]LogMemory: Platform Memory Stats for Windows
[2020.12.11-09.48.19:301][  0]LogMemory: Process Physical Memory: 117.33 MB used, 117.33 MB peak
[2020.12.11-09.48.19:301][  0]LogMemory: Process Virtual Memory: 100.59 MB used, 100.59 MB peak
[2020.12.11-09.48.19:301][  0]LogMemory: Physical Memory: 11354.86 MB used,  21360.32 MB free, 32715.18 MB total
[2020.12.11-09.48.19:301][  0]LogMemory: Virtual Memory: 5228.39 MB used,  134212496.00 MB free, 134217728.00 MB total
[2020.12.11-09.48.19:306][  0]LogWindows: WindowsPlatformFeatures enabled
[2020.12.11-09.48.19:327][  0]LogInit: Physics initialised using underlying interface: PhysX
[2020.12.11-09.48.19:328][  0]LogInit: Using OS detected language (en-US).
[2020.12.11-09.48.19:328][  0]LogInit: Using OS detected locale (en-US).
[2020.12.11-09.48.19:329][  0]LogTextLocalizationManager: No specific localization for 'en-US' exists, so the 'en' localization will be used.
[2020.12.11-09.48.19:457][  0]LogInit: Setting process to per monitor DPI aware
[2020.12.11-09.48.19:511][  0]LogSlate: New Slate User Created.  User Index 0, Is Virtual User: 0
[2020.12.11-09.48.19:511][  0]LogSlate: Slate User Registered.  User Index 0, Is Virtual User: 0
[2020.12.11-09.48.19:626][  0]LogHMD: Failed to initialize OpenVR with code 110
[2020.12.11-09.48.19:626][  0]LogD3D11RHI: D3D11 min allowed feature level: 11_0
[2020.12.11-09.48.19:626][  0]LogD3D11RHI: D3D11 max allowed feature level: 11_0
[2020.12.11-09.48.19:626][  0]LogD3D11RHI: D3D11 adapters:
[2020.12.11-09.48.19:658][  0]LogD3D11RHI:    0. 'AMD Radeon RX 5700 XT' (Feature Level 11_0)
[2020.12.11-09.48.19:658][  0]LogD3D11RHI:       8152/0/16357 MB DedicatedVideo/DedicatedSystem/SharedSystem, Outputs:3, VendorId:0x1002
[2020.12.11-09.48.19:660][  0]LogD3D11RHI:    1. 'Microsoft Basic Render Driver' (Feature Level 11_0)
[2020.12.11-09.48.19:660][  0]LogD3D11RHI:       0/0/16357 MB DedicatedVideo/DedicatedSystem/SharedSystem, Outputs:0, VendorId:0x1414
[2020.12.11-09.48.19:660][  0]LogD3D11RHI: Chosen D3D11 Adapter: 0
[2020.12.11-09.48.19:668][  0]LogD3D11RHI: Creating new Direct3DDevice
[2020.12.11-09.48.19:668][  0]LogD3D11RHI:     GPU DeviceId: 0x731f (for the marketing name, search the web for "GPU Device Id")
[2020.12.11-09.48.19:668][  0]LogWindows: EnumDisplayDevices:
[2020.12.11-09.48.19:668][  0]LogWindows:    0. 'AMD Radeon RX 5700 XT' (P:0 D:1)
[2020.12.11-09.48.19:668][  0]LogWindows:    1. 'AMD Radeon RX 5700 XT' (P:0 D:1)
[2020.12.11-09.48.19:669][  0]LogWindows:    2. 'AMD Radeon RX 5700 XT' (P:1 D:1)
[2020.12.11-09.48.19:669][  0]LogWindows:    3. 'AMD Radeon RX 5700 XT' (P:0 D:0)
[2020.12.11-09.48.19:669][  0]LogWindows:    4. 'AMD Radeon RX 5700 XT' (P:0 D:0)
[2020.12.11-09.48.19:669][  0]LogWindows:    5. 'AMD Radeon RX 5700 XT' (P:0 D:0)
[2020.12.11-09.48.19:670][  0]LogWindows:    6. 'AMD Radeon RX 5700 XT' (P:0 D:0)
[2020.12.11-09.48.19:670][  0]LogWindows:    7. 'AMD Radeon RX 5700 XT' (P:0 D:0)
[2020.12.11-09.48.19:670][  0]LogWindows: DebugString: FoundDriverCount:8 
[2020.12.11-09.48.19:670][  0]LogD3D11RHI:     Adapter Name: AMD Radeon RX 5700 XT
[2020.12.11-09.48.19:670][  0]LogD3D11RHI:   Driver Version: Adrenalin 2020 20.11.3 (internal:27.20.14501.24001, unified:27.20.14501.24001)
[2020.12.11-09.48.19:670][  0]LogD3D11RHI:      Driver Date: 11-25-2020
[2020.12.11-09.48.19:670][  0]LogRHI: Texture pool is 4850 MB (70% of 6929 MB)
[2020.12.11-09.48.19:741][  0]LogD3D11RHI: RHI has support for 64 bit atomics
[2020.12.11-09.48.19:741][  0]LogD3D11RHI: Async texture creation enabled
[2020.12.11-09.48.19:741][  0]LogD3D11RHI: Array index from any shader is supported
[2020.12.11-09.48.19:742][  0]LogD3D11RHI: HDR output is supported on display 0 (AMD Device: 0x0, Display: 0x0).
[2020.12.11-09.48.19:755][  0]LogD3D11RHI: GPU Timing Frequency: 100.000000 (Debug: 2 1)
[2020.12.11-09.48.19:977][  0]LogTargetPlatformManager: Display: Loaded TargetPlatform 'AllDesktop'
[2020.12.11-09.48.19:995][  0]LogTargetPlatformManager: Display: Loaded TargetPlatform 'Android'
[2020.12.11-09.48.19:995][  0]LogTargetPlatformManager: Display: Loaded TargetPlatform 'Android_ASTC'
[2020.12.11-09.48.19:995][  0]LogTargetPlatformManager: Display: Loaded TargetPlatform 'Android_DXT'
[2020.12.11-09.48.19:995][  0]LogTargetPlatformManager: Display: Loaded TargetPlatform 'Android_ETC2'
[2020.12.11-09.48.19:995][  0]LogTargetPlatformManager: Display: Loaded TargetPlatform 'AndroidClient'
[2020.12.11-09.48.19:995][  0]LogTargetPlatformManager: Display: Loaded TargetPlatform 'Android_ASTCClient'
[2020.12.11-09.48.19:995][  0]LogTargetPlatformManager: Display: Loaded TargetPlatform 'Android_DXTClient'
[2020.12.11-09.48.19:995][  0]LogTargetPlatformManager: Display: Loaded TargetPlatform 'Android_ETC2Client'
[2020.12.11-09.48.19:995][  0]LogTargetPlatformManager: Display: Loaded TargetPlatform 'Android_Multi'
[2020.12.11-09.48.19:995][  0]LogTargetPlatformManager: Display: Loaded TargetPlatform 'Android_MultiClient'
[2020.12.11-09.48.20:015][  0]LogTargetPlatformManager: Display: Loaded TargetPlatform 'IOSClient'
[2020.12.11-09.48.20:015][  0]LogTargetPlatformManager: Display: Loaded TargetPlatform 'IOS'
[2020.12.11-09.48.20:023][  0]LogTargetPlatformManager: Display: Loaded TargetPlatform 'Linux'
[2020.12.11-09.48.20:030][  0]LogTargetPlatformManager: Display: Loaded TargetPlatform 'LinuxNoEditor'
[2020.12.11-09.48.20:038][  0]LogTargetPlatformManager: Display: Loaded TargetPlatform 'LinuxClient'
[2020.12.11-09.48.20:046][  0]LogTargetPlatformManager: Display: Loaded TargetPlatform 'LinuxServer'
[2020.12.11-09.48.20:053][  0]LogTargetPlatformManager: Display: Loaded TargetPlatform 'LinuxAArch64NoEditor'
[2020.12.11-09.48.20:061][  0]LogTargetPlatformManager: Display: Loaded TargetPlatform 'LinuxAArch64Client'
[2020.12.11-09.48.20:068][  0]LogTargetPlatformManager: Display: Loaded TargetPlatform 'LinuxAArch64Server'
[2020.12.11-09.48.20:089][  0]LogTargetPlatformManager: Display: Loaded TargetPlatform 'Lumin'
[2020.12.11-09.48.20:089][  0]LogTargetPlatformManager: Display: Loaded TargetPlatform 'LuminClient'
[2020.12.11-09.48.20:102][  0]LogTargetPlatformManager: Display: Loaded TargetPlatform 'TVOSClient'
[2020.12.11-09.48.20:102][  0]LogTargetPlatformManager: Display: Loaded TargetPlatform 'TVOS'
[2020.12.11-09.48.20:111][  0]LogTargetPlatformManager: Display: Loaded TargetPlatform 'WindowsNoEditor'
[2020.12.11-09.48.20:119][  0]LogTargetPlatformManager: Display: Loaded TargetPlatform 'Windows'
[2020.12.11-09.48.20:127][  0]LogTargetPlatformManager: Display: Loaded TargetPlatform 'WindowsClient'
[2020.12.11-09.48.20:136][  0]LogTargetPlatformManager: Display: Loaded TargetPlatform 'WindowsServer'
[2020.12.11-09.48.20:136][  0]LogTargetPlatformManager: Display: Building Assets For Windows
[2020.12.11-09.48.20:141][  0]LogAudioDebug: Display: Lib vorbis DLL was dynamically loaded.
[2020.12.11-09.48.20:188][  0]LogShaderCompilers: Guid format shader working directory is -11 characters bigger than the processId version (../../../../../../Users/ferna/Projects/Archies-Adventure/Intermediate/Shaders/WorkingDirectory/22808/).
[2020.12.11-09.48.20:188][  0]LogShaderCompilers: Cleaned the shader compiler working directory 'C:/Users/ferna/AppData/Local/Temp/UnrealShaderWorkingDir/AC61AFED4DB8FFBD1F6FFE942193258F/'.
[2020.12.11-09.48.20:188][  0]LogXGEController: Cannot use XGE Controller as Incredibuild is not installed on this machine.
[2020.12.11-09.48.20:188][  0]LogShaderCompilers: Cannot use XGE Shader Compiler as Incredibuild is not installed on this machine.
[2020.12.11-09.48.20:188][  0]LogShaderCompilers: Display: Using Local Shader Compiler.
[2020.12.11-09.48.20:826][  0]LogDerivedDataCache: Display: Max Cache Size: 512 MB
[2020.12.11-09.48.20:858][  0]LogDerivedDataCache: Loaded boot cache 0.03s 76MB C:/Users/ferna/AppData/Local/UnrealEngine/4.25/DerivedDataCache/Boot.ddc.
[2020.12.11-09.48.20:858][  0]LogDerivedDataCache: Display: Loaded Boot cache: C:/Users/ferna/AppData/Local/UnrealEngine/4.25/DerivedDataCache/Boot.ddc
[2020.12.11-09.48.20:858][  0]LogDerivedDataCache: FDerivedDataBackendGraph:  Pak pak cache file ../../../../../../Users/ferna/Projects/Archies-Adventure/DerivedDataCache/DDC.ddp not found, will not use a pak cache.
[2020.12.11-09.48.20:858][  0]LogDerivedDataCache: Unable to find inner node Pak for hierarchical cache Hierarchy.
[2020.12.11-09.48.20:858][  0]LogDerivedDataCache: FDerivedDataBackendGraph:  CompressedPak pak cache file ../../../../../../Users/ferna/Projects/Archies-Adventure/DerivedDataCache/Compressed.ddp not found, will not use a pak cache.
[2020.12.11-09.48.20:858][  0]LogDerivedDataCache: Unable to find inner node CompressedPak for hierarchical cache Hierarchy.
[2020.12.11-09.48.20:868][  0]LogDerivedDataCache: Display: Pak cache opened for reading ../../../Engine/DerivedDataCache/Compressed.ddp.
[2020.12.11-09.48.20:868][  0]LogDerivedDataCache: FDerivedDataBackendGraph:  EnterprisePak pak cache file ../../../Enterprise/DerivedDataCache/Compressed.ddp not found, will not use a pak cache.
[2020.12.11-09.48.20:868][  0]LogDerivedDataCache: Unable to find inner node EnterprisePak for hierarchical cache Hierarchy.
[2020.12.11-09.48.20:869][  0]LogDerivedDataCache: Using Local data cache path C:/Users/ferna/AppData/Local/UnrealEngine/Common/DerivedDataCache: Writable
[2020.12.11-09.48.20:869][  0]LogDerivedDataCache: Shared data cache path not found in *engine.ini, will not use an Shared cache.
[2020.12.11-09.48.20:869][  0]LogDerivedDataCache: Unable to find inner node Shared for hierarchical cache Hierarchy.
[2020.12.11-09.48.20:911][  0]LogSlate: Using FreeType 2.10.0
[2020.12.11-09.48.20:912][  0]LogSlate: SlateFontServices - WITH_FREETYPE: 1, WITH_HARFBUZZ: 1
[2020.12.11-09.48.20:931][  0]LogAssetRegistry: FAssetRegistry took 0.0021 seconds to start up
[2020.12.11-09.48.21:125][  0]LogInit: Selected Device Profile: [Windows]
[2020.12.11-09.48.21:212][  0]LogMeshReduction: Using QuadricMeshReduction for automatic static mesh reduction
[2020.12.11-09.48.21:212][  0]LogMeshReduction: Using SimplygonMeshReduction for automatic skeletal mesh reduction
[2020.12.11-09.48.21:212][  0]LogMeshReduction: Using ProxyLODMeshReduction for automatic mesh merging
[2020.12.11-09.48.21:212][  0]LogMeshReduction: No distributed automatic mesh merging module available
[2020.12.11-09.48.21:212][  0]LogMeshMerging: No distributed automatic mesh merging module available
[2020.12.11-09.48.21:240][  0]LogNetVersion: ArchiesAdventure 1.0.0, NetCL: 13144385, EngineNetVer: 14, GameNetVer: 0 (Checksum: 635426610)
[2020.12.11-09.48.21:557][  0]LogAISub: UAISubsystem::UAISubsystem AISubsystem (0000019470511340), frame # 0
[2020.12.11-09.48.21:557][  0]LogAISub: UAISubsystem::UAISubsystem AIPerceptionSystem (0000019470474400), frame # 0
[2020.12.11-09.48.21:558][  0]LogAISub: UAISubsystem::UAISubsystem EnvQueryManager (00000194704A1E00), frame # 0
[2020.12.11-09.48.21:578][  0]LogPackageLocalizationCache: Processed 19 localized package path(s) for 1 prioritized culture(s) in 0.016019 seconds
[2020.12.11-09.48.21:583][  0]LogUObjectArray: 15917 objects as part of root set at end of initial load.
[2020.12.11-09.48.21:583][  0]LogUObjectAllocator: 3965568 out of 0 bytes used by permanent object pool.
[2020.12.11-09.48.21:583][  0]LogUObjectArray: CloseDisregardForGC: 0/0 objects in disregard for GC pool
[2020.12.11-09.48.21:834][  0]LogTcpMessaging: Initializing TcpMessaging bridge
[2020.12.11-09.48.21:837][  0]LogUdpMessaging: Initializing bridge on interface 0.0.0.0:0 to multicast group 230.0.0.1:6666.
[2020.12.11-09.48.21:899][  0]SourceControl: Source control is disabled
[2020.12.11-09.48.21:899][  0]SourceControl: Source control is disabled
[2020.12.11-09.48.21:901][  0]SourceControl: Source control is disabled
[2020.12.11-09.48.21:904][  0]SourceControl: Source control is disabled
[2020.12.11-09.48.21:909][  0]SourceControl: Source control is disabled
[2020.12.11-09.48.22:092][  0]LogAndroidPermission: UAndroidPermissionCallbackProxy::GetInstance
[2020.12.11-09.48.22:107][  0]LogAudioCaptureCore: Display: No Audio Capture implementations found. Audio input will be silent.
[2020.12.11-09.48.22:107][  0]LogAudioCaptureCore: Display: No Audio Capture implementations found. Audio input will be silent.
[2020.12.11-09.48.22:143][  0]LogOcInput: OculusInput pre-init called
[2020.12.11-09.48.22:151][  0]LogWindows: Failed to load 'OVRPlugin.dll' (GetLastError=126)
[2020.12.11-09.48.22:151][  0]LogWindows: File 'OVRPlugin.dll' does not exist
[2020.12.11-09.48.22:203][  0]LogEngine: Initializing Engine...
[2020.12.11-09.48.22:204][  0]LogHMD: Failed to initialize OpenVR with code 110
[2020.12.11-09.48.22:204][  0]LogMagicLeap: Warning: VR disabled because ZI is not enabled.  To enable, in the editor, Edit -> Project Settings -> Plugins -> Magic Leap Plugin -> Enable Zero Iteration
[2020.12.11-09.48.22:205][  0]LogStats: UGameplayTagsManager::InitializeManager -  0.000 s
[2020.12.11-09.48.22:288][  0]LogInit: Initializing FReadOnlyCVARCache
[2020.12.11-09.48.22:294][  0]LogAIModule: Creating AISystem for world Untitled
[2020.12.11-09.48.22:294][  0]LogAISub: UAISubsystem::UAISubsystem EnvQueryManager (000001947C5C7C00), frame # 0
[2020.12.11-09.48.22:294][  0]LogAISub: UAISubsystem::UAISubsystem AIPerceptionSystem (000001947C5D3B00), frame # 0
[2020.12.11-09.48.22:306][  0]LogAudioMixer: Display: Audio Mixer Platform Settings:
[2020.12.11-09.48.22:306][  0]LogAudioMixer: Display: 	Sample Rate:						  48000
[2020.12.11-09.48.22:306][  0]LogAudioMixer: Display: 	Callback Buffer Frame Size Requested: 1024
[2020.12.11-09.48.22:306][  0]LogAudioMixer: Display: 	Callback Buffer Frame Size To Use:	  1024
[2020.12.11-09.48.22:306][  0]LogAudioMixer: Display: 	Number of buffers to queue:			  2
[2020.12.11-09.48.22:306][  0]LogAudioMixer: Display: 	Max Channels (voices):				  32
[2020.12.11-09.48.22:306][  0]LogAudioMixer: Display: 	Number of Async Source Workers:		  0
[2020.12.11-09.48.22:306][  0]LogAudio: Display: AudioDevice MaxSources: 32
[2020.12.11-09.48.22:306][  0]LogAudio: Display: Using built-in audio occlusion.
[2020.12.11-09.48.22:306][  0]LogAudioMixer: Display: Initializing audio mixer.
[2020.12.11-09.48.22:319][  0]LogAudioMixer: Display: 0: FrontLeft
[2020.12.11-09.48.22:319][  0]LogAudioMixer: Display: 1: FrontRight
[2020.12.11-09.48.22:355][  0]LogAudioMixer: Display: Using Audio Device Speakers (Realtek(R) Audio)
[2020.12.11-09.48.22:355][  0]LogAudioMixer: Display: Initializing Sound Submixes...
[2020.12.11-09.48.22:357][  0]LogAudioMixer: Display: Creating Master Submix 'MasterSubmixDefault'
[2020.12.11-09.48.22:357][  0]LogAudioMixer: Display: Creating Master Submix 'MasterReverbSubmixDefault'
[2020.12.11-09.48.22:357][  0]LogAudioMixer: Display: Creating Master Submix 'MasterEQSubmixDefault'
[2020.12.11-09.48.22:358][  0]LogInit: FAudioDevice initialized.
[2020.12.11-09.48.22:358][  0]LogNetVersion: Set ProjectVersion to 1.0.0.0. Version Checksum will be recalculated on next use.
[2020.12.11-09.48.22:397][  0]LogDerivedDataCache: Saved boot cache 0.04s 76MB C:/Users/ferna/AppData/Local/UnrealEngine/4.25/DerivedDataCache/Boot.ddc.
[2020.12.11-09.48.22:397][  0]LogInit: Texture streaming: Enabled
[2020.12.11-09.48.22:409][  0]LogEngineSessionManager: EngineSessionManager initialized
[2020.12.11-09.48.22:409][  0]LogEditorSessionSummary: Verbose: Initializing EditorSessionSummaryWriter for editor session tracking
[2020.12.11-09.48.22:410][  0]LogEditorSessionSummary: EditorSessionSummaryWriter initialized
[2020.12.11-09.48.22:443][  0]LogInit: Transaction tracking system initialized
[2020.12.11-09.48.22:460][  0]BlueprintLog: New page: Editor Load
[2020.12.11-09.48.22:509][  0]LocalizationService: Localization service is disabled
[2020.12.11-09.48.22:614][  0]LogCook: Display: Max memory allowance for cook 16384mb min free memory 0mb
[2020.12.11-09.48.22:614][  0]LogCook: Display: Mobile HDR setting 0
[2020.12.11-09.48.22:710][  0]LogFileCache: Scanning file cache for directory 'D:/Users/ferna/Projects/Archies-Adventure/Content/' took 0.00s
[2020.12.11-09.48.22:834][  0]SourceControl: Source control is disabled
[2020.12.11-09.48.22:834][  0]LogUnrealEdMisc: Loading editor; pre map load, took 4.719
[2020.12.11-09.48.22:834][  0]Cmd: MAP LOAD FILE="../../../../../../Users/ferna/Projects/Archies-Adventure/Content/2DSideScrollerBP/Maps/2DSideScrollerExampleMap.umap" TEMPLATE=0 SHOWPROGRESS=1 FEATURELEVEL=3
[2020.12.11-09.48.22:834][  0]LightingResults: New page: Lighting Build
[2020.12.11-09.48.22:834][  0]LogWorld: UWorld::CleanupWorld for Untitled, bSessionEnded=true, bCleanupResources=true
[2020.12.11-09.48.22:834][  0]LogSlate: InvalidateAllWidgets triggered.  All widgets were invalidated
[2020.12.11-09.48.22:834][  0]MapCheck: New page: Map Check
[2020.12.11-09.48.22:834][  0]LightingResults: New page: Lighting Build
[2020.12.11-09.48.22:870][  0]LogAISub: UAISubsystem::~UAISubsystem EnvQueryManager (000001947C5C7C00), frame # 0
[2020.12.11-09.48.22:870][  0]LogAISub: UAISubsystem::~UAISubsystem AIPerceptionSystem (000001947C5D3B00), frame # 0
[2020.12.11-09.48.22:871][  0]LogUObjectHash: Compacting FUObjectHashTables data took   0.62ms
[2020.12.11-09.48.22:976][  0]LogTexture: Display: Building textures: Archie_000 (AutoDXT, 88X92)
[2020.12.11-09.48.22:976][  0]LogAIModule: Creating AISystem for world 2DSideScrollerExampleMap
[2020.12.11-09.48.22:976][  0]LogAISub: UAISubsystem::UAISubsystem EnvQueryManager (0000019409F97E00), frame # 0
[2020.12.11-09.48.22:976][  0]LogAISub: UAISubsystem::UAISubsystem AIPerceptionSystem (000001947BC3FC40), frame # 0
[2020.12.11-09.48.22:978][  0]LogEditorServer: Finished looking for orphan Actors (0.000 secs)
[2020.12.11-09.48.22:994][  0]LogUObjectHash: Compacting FUObjectHashTables data took   0.68ms
[2020.12.11-09.48.22:994][  0]Cmd: MAP CHECKDEP NOCLEARLOG
[2020.12.11-09.48.22:995][  0]MapCheck: Map check complete: 0 Error(s), 0 Warning(s), took 0.088ms to complete.
[2020.12.11-09.48.22:995][  0]LogFileHelpers: Loading map '2DSideScrollerExampleMap' took 0.161
[2020.12.11-09.48.22:996][  0]LogUnrealEdMisc: Total Editor Startup Time, took 4.881
[2020.12.11-09.48.23:107][  0]LogSlate: Updating window title bar state: overlay mode, drag disabled, window buttons hidden, title bar hidden
[2020.12.11-09.48.23:112][  0]LogSlate: Updating window title bar state: overlay mode, drag disabled, window buttons hidden, title bar hidden
[2020.12.11-09.48.23:117][  0]LogSlate: Updating window title bar state: overlay mode, drag disabled, window buttons hidden, title bar hidden
[2020.12.11-09.48.23:122][  0]LogSlate: Updating window title bar state: overlay mode, drag disabled, window buttons hidden, title bar hidden
[2020.12.11-09.48.23:127][  0]LogCollectionManager: Loaded 0 collections in 0.000605 seconds
[2020.12.11-09.48.23:140][  0]LogFileCache: Scanning file cache for directory 'D:/Users/ferna/Projects/Archies-Adventure/Saved/Collections/' took 0.00s
[2020.12.11-09.48.23:140][  0]LogFileCache: Scanning file cache for directory 'D:/Users/ferna/Projects/Archies-Adventure/Content/Developers/ferna/Collections/' took 0.00s
[2020.12.11-09.48.23:140][  0]LogFileCache: Scanning file cache for directory 'D:/Users/ferna/Projects/Archies-Adventure/Content/Collections/' took 0.00s
[2020.12.11-09.48.23:140][  0]LogContentBrowser: Native class hierarchy populated in 0.0081 seconds. Added 3427 classes and 821 folders.
[2020.12.11-09.48.23:142][  0]LogContentBrowser: Native class hierarchy updated for 'WidgetCarousel' in 0.0002 seconds. Added 0 classes and 0 folders.
[2020.12.11-09.48.23:172][  0]LogContentBrowser: Native class hierarchy updated for 'AddContentDialog' in 0.0002 seconds. Added 0 classes and 0 folders.
[2020.12.11-09.48.23:173][  0]LogContentBrowser: Native class hierarchy updated for 'SceneOutliner' in 0.0001 seconds. Added 2 classes and 0 folders.
[2020.12.11-09.48.23:190][  0]LogSlate: Took 0.000099 seconds to synchronously load lazily loaded font '../../../Engine/Content/Slate/Fonts/Roboto-Regular.ttf' (155K)
[2020.12.11-09.48.23:192][  0]LogSlate: Took 0.000115 seconds to synchronously load lazily loaded font '../../../Engine/Content/Slate/Fonts/Roboto-Bold.ttf' (160K)
[2020.12.11-09.48.23:196][  0]LogSlate: Took 0.000132 seconds to synchronously load lazily loaded font '../../../Engine/Content/Editor/Slate/Fonts/FontAwesome.ttf' (139K)
[2020.12.11-09.48.23:288][  0]LogRenderer: Reallocating scene render targets to support 1208x572 Format 10 NumSamples 1 (Frame:1).
[2020.12.11-09.48.23:341][  0]LogSlate: Took 0.000133 seconds to synchronously load lazily loaded font '../../../Engine/Content/Slate/Fonts/Roboto-Light.ttf' (167K)
[2020.12.11-09.48.23:470][  0]LogContentBrowser: Native class hierarchy updated for 'HierarchicalLODOutliner' in 0.0002 seconds. Added 0 classes and 0 folders.
[2020.12.11-09.48.23:470][  0]LogLoad: (Engine Initialization) Total time: 5.36 seconds
[2020.12.11-09.48.23:470][  0]LogLoad: (Engine Initialization) Total Blueprint compile time: 0.00 seconds
[2020.12.11-09.48.23:502][  0]LogAssetRegistry: Asset discovery search completed in 2.5715 seconds
[2020.12.11-09.48.23:505][  0]LogCollectionManager: Fixed up redirectors for 0 collections in 0.000002 seconds (updated 0 objects)
[2020.12.11-09.48.23:506][  0]LogContentStreaming: Texture pool size now 1000 MB
[2020.12.11-09.48.23:525][  0]LogSlate: Took 0.000107 seconds to synchronously load lazily loaded font '../../../Engine/Content/Slate/Fonts/Roboto-Light.ttf' (167K)
[2020.12.11-09.48.25:894][272]LogTemp: Repeating last play command: Selected Viewport
[2020.12.11-09.48.25:903][272]LogPlayLevel: PlayLevel: No blueprints needed recompiling
[2020.12.11-09.48.25:904][272]PIE: New page: PIE session: 2DSideScrollerExampleMap (Dec 10, 2020, 7:48:25 PM)
[2020.12.11-09.48.25:905][272]LogOnline: OSS: Creating online subsystem instance for: NULL
[2020.12.11-09.48.25:906][272]LogOnline: OSS: TryLoadSubsystemAndSetDefault: Loaded subsystem for module [NULL]
[2020.12.11-09.48.25:906][272]LogPlayLevel: Creating play world package: /Game/2DSideScrollerBP/Maps/UEDPIE_0_2DSideScrollerExampleMap
[2020.12.11-09.48.25:907][272]LogPlayLevel: PIE: StaticDuplicateObject took: (0.001675s)
[2020.12.11-09.48.25:908][272]LogAIModule: Creating AISystem for world 2DSideScrollerExampleMap
[2020.12.11-09.48.25:908][272]LogAISub: UAISubsystem::UAISubsystem EnvQueryManager (00000194249B5200), frame # 272
[2020.12.11-09.48.25:908][272]LogAISub: UAISubsystem::UAISubsystem AIPerceptionSystem (000001947BC3F100), frame # 272
[2020.12.11-09.48.25:908][272]LogPlayLevel: PIE: World Init took: (0.000851s)
[2020.12.11-09.48.25:908][272]LogPlayLevel: PIE: Created PIE world by copying editor world from /Game/2DSideScrollerBP/Maps/2DSideScrollerExampleMap.2DSideScrollerExampleMap to /Game/2DSideScrollerBP/Maps/UEDPIE_0_2DSideScrollerExampleMap.2DSideScrollerExampleMap (0.002607s)
[2020.12.11-09.48.25:926][272]LogUObjectHash: Compacting FUObjectHashTables data took   0.56ms
[2020.12.11-09.48.25:927][272]LogAudioMixer: Display: Audio Mixer Platform Settings:
[2020.12.11-09.48.25:927][272]LogAudioMixer: Display: 	Sample Rate:						  48000
[2020.12.11-09.48.25:927][272]LogAudioMixer: Display: 	Callback Buffer Frame Size Requested: 1024
[2020.12.11-09.48.25:927][272]LogAudioMixer: Display: 	Callback Buffer Frame Size To Use:	  1024
[2020.12.11-09.48.25:927][272]LogAudioMixer: Display: 	Number of buffers to queue:			  2
[2020.12.11-09.48.25:927][272]LogAudioMixer: Display: 	Max Channels (voices):				  32
[2020.12.11-09.48.25:927][272]LogAudioMixer: Display: 	Number of Async Source Workers:		  0
[2020.12.11-09.48.25:927][272]LogAudio: Display: AudioDevice MaxSources: 32
[2020.12.11-09.48.25:927][272]LogAudio: Display: Using built-in audio occlusion.
[2020.12.11-09.48.25:927][272]LogAudioMixer: Display: Initializing audio mixer.
[2020.12.11-09.48.25:932][272]LogAudioMixer: Display: 0: FrontLeft
[2020.12.11-09.48.25:932][272]LogAudioMixer: Display: 1: FrontRight
[2020.12.11-09.48.25:952][272]LogAudioMixer: Display: Using Audio Device Speakers (Realtek(R) Audio)
[2020.12.11-09.48.25:953][272]LogAudioMixer: Display: Initializing Sound Submixes...
[2020.12.11-09.48.25:953][272]LogAudioMixer: Display: Creating Master Submix 'MasterSubmixDefault'
[2020.12.11-09.48.25:953][272]LogAudioMixer: Display: Creating Master Submix 'MasterReverbSubmixDefault'
[2020.12.11-09.48.25:953][272]LogAudioMixer: Display: Creating Master Submix 'MasterEQSubmixDefault'
[2020.12.11-09.48.25:964][272]LogInit: FAudioDevice initialized.
[2020.12.11-09.48.25:974][272]LogLoad: Game class is '2DSideScrollerGameMode_C'
[2020.12.11-09.48.25:975][272]LogWorld: Bringing World /Game/2DSideScrollerBP/Maps/UEDPIE_0_2DSideScrollerExampleMap.2DSideScrollerExampleMap up for play (max tick rate 0) at 2020.12.11-02.48.25
[2020.12.11-09.48.25:976][272]LogWorld: Bringing up level for play took: 0.000627
[2020.12.11-09.48.25:976][272]LogOnline: OSS: Creating online subsystem instance for: :Context_1
[2020.12.11-09.48.25:978][272]LogContentBrowser: Native class hierarchy updated for 'MovieSceneCapture' in 0.0003 seconds. Added 20 classes and 0 folders.
[2020.12.11-09.48.25:978][272]PIE: Server logged in
[2020.12.11-09.48.25:979][272]PIE: Play in editor total start time 0.076 seconds.
[2020.12.11-09.48.44:028][429]LogSlate: Updating window title bar state: overlay mode, drag disabled, window buttons hidden, title bar hidden
[2020.12.11-09.48.44:028][429]LogWorld: BeginTearingDown for /Game/2DSideScrollerBP/Maps/UEDPIE_0_2DSideScrollerExampleMap
[2020.12.11-09.48.44:028][429]LogWorld: UWorld::CleanupWorld for 2DSideScrollerExampleMap, bSessionEnded=true, bCleanupResources=true
[2020.12.11-09.48.44:029][429]LogSlate: InvalidateAllWidgets triggered.  All widgets were invalidated
[2020.12.11-09.48.44:033][429]LogPlayLevel: Display: Shutting down PIE online subsystems
[2020.12.11-09.48.44:034][429]LogSlate: InvalidateAllWidgets triggered.  All widgets were invalidated
[2020.12.11-09.48.44:058][429]LogSlate: Updating window title bar state: overlay mode, drag disabled, window buttons hidden, title bar hidden
[2020.12.11-09.48.44:058][429]LogAISub: UAISubsystem::~UAISubsystem AIPerceptionSystem (000001947BC3F100), frame # 2429
[2020.12.11-09.48.44:058][429]LogAISub: UAISubsystem::~UAISubsystem EnvQueryManager (00000194249B5200), frame # 2429
[2020.12.11-09.48.44:059][429]LogUObjectHash: Compacting FUObjectHashTables data took   0.55ms
[2020.12.11-09.48.44:114][431]LogPlayLevel: Display: Destroying online subsystem :Context_1
[2020.12.11-09.48.47:012][651]LogTemp: Repeating last play command: Selected Viewport
[2020.12.11-09.48.47:021][651]LogPlayLevel: PlayLevel: No blueprints needed recompiling
[2020.12.11-09.48.47:021][651]PIE: New page: PIE session: 2DSideScrollerExampleMap (Dec 10, 2020, 7:48:47 PM)
[2020.12.11-09.48.47:021][651]LogPlayLevel: Creating play world package: /Game/2DSideScrollerBP/Maps/UEDPIE_0_2DSideScrollerExampleMap
[2020.12.11-09.48.47:023][651]LogPlayLevel: PIE: StaticDuplicateObject took: (0.001606s)
[2020.12.11-09.48.47:024][651]LogAIModule: Creating AISystem for world 2DSideScrollerExampleMap
[2020.12.11-09.48.47:024][651]LogAISub: UAISubsystem::UAISubsystem EnvQueryManager (0000019425685C00), frame # 2651
[2020.12.11-09.48.47:024][651]LogAISub: UAISubsystem::UAISubsystem AIPerceptionSystem (00000194140CC400), frame # 2651
[2020.12.11-09.48.47:024][651]LogPlayLevel: PIE: World Init took: (0.000747s)
[2020.12.11-09.48.47:024][651]LogPlayLevel: PIE: Created PIE world by copying editor world from /Game/2DSideScrollerBP/Maps/2DSideScrollerExampleMap.2DSideScrollerExampleMap to /Game/2DSideScrollerBP/Maps/UEDPIE_0_2DSideScrollerExampleMap.2DSideScrollerExampleMap (0.002420s)
[2020.12.11-09.48.47:035][651]LogUObjectHash: Compacting FUObjectHashTables data took   0.56ms
[2020.12.11-09.48.47:035][651]LogAudioMixer: Display: Audio Mixer Platform Settings:
[2020.12.11-09.48.47:035][651]LogAudioMixer: Display: 	Sample Rate:						  48000
[2020.12.11-09.48.47:035][651]LogAudioMixer: Display: 	Callback Buffer Frame Size Requested: 1024
[2020.12.11-09.48.47:035][651]LogAudioMixer: Display: 	Callback Buffer Frame Size To Use:	  1024
[2020.12.11-09.48.47:035][651]LogAudioMixer: Display: 	Number of buffers to queue:			  2
[2020.12.11-09.48.47:035][651]LogAudioMixer: Display: 	Max Channels (voices):				  32
[2020.12.11-09.48.47:035][651]LogAudioMixer: Display: 	Number of Async Source Workers:		  0
[2020.12.11-09.48.47:035][651]LogAudio: Display: AudioDevice MaxSources: 32
[2020.12.11-09.48.47:036][651]LogAudio: Display: Using built-in audio occlusion.
[2020.12.11-09.48.47:036][651]LogAudioMixer: Display: Initializing audio mixer.
[2020.12.11-09.48.47:041][651]LogAudioMixer: Display: 0: FrontLeft
[2020.12.11-09.48.47:041][651]LogAudioMixer: Display: 1: FrontRight
[2020.12.11-09.48.47:060][651]LogAudioMixer: Display: Using Audio Device Speakers (Realtek(R) Audio)
[2020.12.11-09.48.47:060][651]LogAudioMixer: Display: Initializing Sound Submixes...
[2020.12.11-09.48.47:060][651]LogAudioMixer: Display: Creating Master Submix 'MasterSubmixDefault'
[2020.12.11-09.48.47:060][651]LogAudioMixer: Display: Creating Master Submix 'MasterReverbSubmixDefault'
[2020.12.11-09.48.47:060][651]LogAudioMixer: Display: Creating Master Submix 'MasterEQSubmixDefault'
[2020.12.11-09.48.47:071][651]LogInit: FAudioDevice initialized.
[2020.12.11-09.48.47:081][651]LogLoad: Game class is '2DSideScrollerGameMode_C'
[2020.12.11-09.48.47:082][651]LogWorld: Bringing World /Game/2DSideScrollerBP/Maps/UEDPIE_0_2DSideScrollerExampleMap.2DSideScrollerExampleMap up for play (max tick rate 0) at 2020.12.11-02.48.47
[2020.12.11-09.48.47:082][651]LogWorld: Bringing up level for play took: 0.000735
[2020.12.11-09.48.47:082][651]LogOnline: OSS: Creating online subsystem instance for: :Context_2
[2020.12.11-09.48.47:084][651]PIE: Server logged in
[2020.12.11-09.48.47:084][651]PIE: Play in editor total start time 0.064 seconds.
[2020.12.11-09.49.37:658][976]LogSlate: Updating window title bar state: overlay mode, drag disabled, window buttons hidden, title bar hidden
[2020.12.11-09.49.37:658][976]LogWorld: BeginTearingDown for /Game/2DSideScrollerBP/Maps/UEDPIE_0_2DSideScrollerExampleMap
[2020.12.11-09.49.37:659][976]LogWorld: UWorld::CleanupWorld for 2DSideScrollerExampleMap, bSessionEnded=true, bCleanupResources=true
[2020.12.11-09.49.37:659][976]LogSlate: InvalidateAllWidgets triggered.  All widgets were invalidated
[2020.12.11-09.49.37:665][976]LogPlayLevel: Display: Shutting down PIE online subsystems
[2020.12.11-09.49.37:666][976]LogSlate: InvalidateAllWidgets triggered.  All widgets were invalidated
[2020.12.11-09.49.37:676][976]LogSlate: Updating window title bar state: overlay mode, drag disabled, window buttons hidden, title bar hidden
[2020.12.11-09.49.37:690][976]LogAISub: UAISubsystem::~UAISubsystem AIPerceptionSystem (00000194140CC400), frame # 5976
[2020.12.11-09.49.37:690][976]LogAISub: UAISubsystem::~UAISubsystem EnvQueryManager (0000019425685C00), frame # 5976
[2020.12.11-09.49.37:691][976]LogUObjectHash: Compacting FUObjectHashTables data took   0.60ms
[2020.12.11-09.49.37:720][978]LogPlayLevel: Display: Destroying online subsystem :Context_2
[2020.12.11-09.49.42:551][488]LogObjectTools: Deleting 1 worlds: /Game/2DSideScrollerBP/Maps/Level_1.Level_1
[2020.12.11-09.49.42:551][488]LogObjectTools: Currently 1 active worlds: /Game/2DSideScrollerBP/Maps/2DSideScrollerExampleMap.2DSideScrollerExampleMap
[2020.12.11-09.49.42:562][488]LogUObjectHash: Compacting FUObjectHashTables data took   0.54ms
[2020.12.11-09.49.46:019][488]LogSlate: Window 'Delete Assets' being destroyed
[2020.12.11-09.49.56:891][784]LogTemp: Repeating last play command: Selected Viewport
[2020.12.11-09.49.56:901][784]LogPlayLevel: PlayLevel: No blueprints needed recompiling
[2020.12.11-09.49.56:901][784]PIE: New page: PIE session: 2DSideScrollerExampleMap (Dec 10, 2020, 7:49:56 PM)
[2020.12.11-09.49.56:901][784]LogPlayLevel: Creating play world package: /Game/2DSideScrollerBP/Maps/UEDPIE_0_2DSideScrollerExampleMap
[2020.12.11-09.49.56:903][784]LogPlayLevel: PIE: StaticDuplicateObject took: (0.001599s)
[2020.12.11-09.49.56:903][784]LogAIModule: Creating AISystem for world 2DSideScrollerExampleMap
[2020.12.11-09.49.56:903][784]LogAISub: UAISubsystem::UAISubsystem EnvQueryManager (000001942520EC00), frame # 7784
[2020.12.11-09.49.56:903][784]LogAISub: UAISubsystem::UAISubsystem AIPerceptionSystem (000001947BD8C180), frame # 7784
[2020.12.11-09.49.56:903][784]LogPlayLevel: PIE: World Init took: (0.000748s)
[2020.12.11-09.49.56:903][784]LogPlayLevel: PIE: Created PIE world by copying editor world from /Game/2DSideScrollerBP/Maps/2DSideScrollerExampleMap.2DSideScrollerExampleMap to /Game/2DSideScrollerBP/Maps/UEDPIE_0_2DSideScrollerExampleMap.2DSideScrollerExampleMap (0.002424s)
[2020.12.11-09.49.56:915][784]LogUObjectHash: Compacting FUObjectHashTables data took   0.56ms
[2020.12.11-09.49.56:915][784]LogAudioMixer: Display: Audio Mixer Platform Settings:
[2020.12.11-09.49.56:915][784]LogAudioMixer: Display: 	Sample Rate:						  48000
[2020.12.11-09.49.56:915][784]LogAudioMixer: Display: 	Callback Buffer Frame Size Requested: 1024
[2020.12.11-09.49.56:915][784]LogAudioMixer: Display: 	Callback Buffer Frame Size To Use:	  1024
[2020.12.11-09.49.56:915][784]LogAudioMixer: Display: 	Number of buffers to queue:			  2
[2020.12.11-09.49.56:915][784]LogAudioMixer: Display: 	Max Channels (voices):				  32
[2020.12.11-09.49.56:915][784]LogAudioMixer: Display: 	Number of Async Source Workers:		  0
[2020.12.11-09.49.56:915][784]LogAudio: Display: AudioDevice MaxSources: 32
[2020.12.11-09.49.56:916][784]LogAudio: Display: Using built-in audio occlusion.
[2020.12.11-09.49.56:916][784]LogAudioMixer: Display: Initializing audio mixer.
[2020.12.11-09.49.56:921][784]LogAudioMixer: Display: 0: FrontLeft
[2020.12.11-09.49.56:921][784]LogAudioMixer: Display: 1: FrontRight
[2020.12.11-09.49.56:940][784]LogAudioMixer: Display: Using Audio Device Speakers (Realtek(R) Audio)
[2020.12.11-09.49.56:940][784]LogAudioMixer: Display: Initializing Sound Submixes...
[2020.12.11-09.49.56:940][784]LogAudioMixer: Display: Creating Master Submix 'MasterSubmixDefault'
[2020.12.11-09.49.56:940][784]LogAudioMixer: Display: Creating Master Submix 'MasterReverbSubmixDefault'
[2020.12.11-09.49.56:941][784]LogAudioMixer: Display: Creating Master Submix 'MasterEQSubmixDefault'
[2020.12.11-09.49.56:951][784]LogInit: FAudioDevice initialized.
[2020.12.11-09.49.56:960][784]LogLoad: Game class is '2DSideScrollerGameMode_C'
[2020.12.11-09.49.56:961][784]LogWorld: Bringing World /Game/2DSideScrollerBP/Maps/UEDPIE_0_2DSideScrollerExampleMap.2DSideScrollerExampleMap up for play (max tick rate 0) at 2020.12.11-02.49.56
[2020.12.11-09.49.56:961][784]LogWorld: Bringing up level for play took: 0.000569
[2020.12.11-09.49.56:961][784]LogOnline: OSS: Creating online subsystem instance for: :Context_3
[2020.12.11-09.49.56:982][784]PIE: Server logged in
[2020.12.11-09.49.56:982][784]PIE: Play in editor total start time 0.082 seconds.
[2020.12.11-09.50.06:489][921]LogSlate: Updating window title bar state: overlay mode, drag disabled, window buttons hidden, title bar hidden
[2020.12.11-09.50.06:489][921]LogWorld: BeginTearingDown for /Game/2DSideScrollerBP/Maps/UEDPIE_0_2DSideScrollerExampleMap
[2020.12.11-09.50.06:489][921]LogWorld: UWorld::CleanupWorld for 2DSideScrollerExampleMap, bSessionEnded=true, bCleanupResources=true
[2020.12.11-09.50.06:489][921]LogSlate: InvalidateAllWidgets triggered.  All widgets were invalidated
[2020.12.11-09.50.06:495][921]LogPlayLevel: Display: Shutting down PIE online subsystems
[2020.12.11-09.50.06:496][921]LogSlate: InvalidateAllWidgets triggered.  All widgets were invalidated
[2020.12.11-09.50.06:519][921]LogSlate: Updating window title bar state: overlay mode, drag disabled, window buttons hidden, title bar hidden
[2020.12.11-09.50.06:519][921]LogAISub: UAISubsystem::~UAISubsystem AIPerceptionSystem (000001947BD8C180), frame # 8921
[2020.12.11-09.50.06:519][921]LogAISub: UAISubsystem::~UAISubsystem EnvQueryManager (000001942520EC00), frame # 8921
[2020.12.11-09.50.06:520][921]LogUObjectHash: Compacting FUObjectHashTables data took   0.54ms
[2020.12.11-09.50.06:576][923]LogPlayLevel: Display: Destroying online subsystem :Context_3
[2020.12.11-09.50.09:133][219]LogEditorViewport: Clicking on Actor (LMB): 2DSideScrollerCharacter_C (2DSideScrollerCharacter)
[2020.12.11-09.50.14:711][843]LogAssetEditorSubsystem: Opening Asset editor for Blueprint /Game/Blueprints/2DSideScrollerCharacter.2DSideScrollerCharacter
[2020.12.11-09.50.15:358][843]LogContentBrowser: Native class hierarchy updated for 'BlueprintGraph' in 0.0005 seconds. Added 125 classes and 0 folders.
[2020.12.11-09.50.16:414][843]LogSlate: Took 0.000130 seconds to synchronously load lazily loaded font '../../../Engine/Content/Slate/Fonts/Roboto-BoldCondensed.ttf' (158K)
[2020.12.11-09.50.16:558][844]LogSlate: Took 0.021776 seconds to synchronously load lazily loaded font '../../../Engine/Content/Slate/Fonts/Roboto-Italic.ttf' (157K)
[2020.12.11-09.50.18:010][989]LogRenderer: Reallocating scene render targets to support 1208x708 Format 10 NumSamples 1 (Frame:1).
[2020.12.11-09.51.03:448][299]BlueprintLog: New page: Compile 2DSideScrollerCharacter
[2020.12.11-09.51.03:551][299]LogUObjectHash: Compacting FUObjectHashTables data took   1.97ms
[2020.12.11-09.51.04:112][357]Cmd: OBJ SAVEPACKAGE PACKAGE="/Game/Blueprints/2DSideScrollerCharacter" FILE="../../../../../../Users/ferna/Projects/Archies-Adventure/Content/Blueprints/2DSideScrollerCharacter.uasset" SILENT=true
[2020.12.11-09.51.04:148][357]LogSavePackage: Moving '../../../../../../Users/ferna/Projects/Archies-Adventure/Saved/2DSideScrollerCharacter834773F84575BB87FB82A89C432F2A62.tmp' to '../../../../../../Users/ferna/Projects/Archies-Adventure/Content/Blueprints/2DSideScrollerCharacter.uasset'
[2020.12.11-09.51.04:163][357]AssetCheck: New page: Asset Save: 2DSideScrollerCharacter
[2020.12.11-09.51.04:163][357]LogContentValidation: Display: Validating Blueprint /Game/Blueprints/2DSideScrollerCharacter.2DSideScrollerCharacter
[2020.12.11-09.51.06:886][640]LogTemp: Repeating last play command: Selected Viewport
[2020.12.11-09.51.06:896][640]LogPlayLevel: PlayLevel: No blueprints needed recompiling
[2020.12.11-09.51.06:896][640]PIE: New page: PIE session: 2DSideScrollerExampleMap (Dec 10, 2020, 7:51:06 PM)
[2020.12.11-09.51.06:896][640]LogPlayLevel: Creating play world package: /Game/2DSideScrollerBP/Maps/UEDPIE_0_2DSideScrollerExampleMap
[2020.12.11-09.51.06:898][640]LogPlayLevel: PIE: StaticDuplicateObject took: (0.001640s)
[2020.12.11-09.51.06:898][640]LogAIModule: Creating AISystem for world 2DSideScrollerExampleMap
[2020.12.11-09.51.06:898][640]LogAISub: UAISubsystem::UAISubsystem EnvQueryManager (0000019410F36000), frame # 15640
[2020.12.11-09.51.06:898][640]LogAISub: UAISubsystem::UAISubsystem AIPerceptionSystem (000001940A0734C0), frame # 15640
[2020.12.11-09.51.06:898][640]LogPlayLevel: PIE: World Init took: (0.000762s)
[2020.12.11-09.51.06:899][640]LogPlayLevel: PIE: Created PIE world by copying editor world from /Game/2DSideScrollerBP/Maps/2DSideScrollerExampleMap.2DSideScrollerExampleMap to /Game/2DSideScrollerBP/Maps/UEDPIE_0_2DSideScrollerExampleMap.2DSideScrollerExampleMap (0.002477s)
[2020.12.11-09.51.06:918][640]LogUObjectHash: Compacting FUObjectHashTables data took   1.91ms
[2020.12.11-09.51.06:919][640]LogAudioMixer: Display: Audio Mixer Platform Settings:
[2020.12.11-09.51.06:919][640]LogAudioMixer: Display: 	Sample Rate:						  48000
[2020.12.11-09.51.06:919][640]LogAudioMixer: Display: 	Callback Buffer Frame Size Requested: 1024
[2020.12.11-09.51.06:919][640]LogAudioMixer: Display: 	Callback Buffer Frame Size To Use:	  1024
[2020.12.11-09.51.06:919][640]LogAudioMixer: Display: 	Number of buffers to queue:			  2
[2020.12.11-09.51.06:919][640]LogAudioMixer: Display: 	Max Channels (voices):				  32
[2020.12.11-09.51.06:919][640]LogAudioMixer: Display: 	Number of Async Source Workers:		  0
[2020.12.11-09.51.06:919][640]LogAudio: Display: AudioDevice MaxSources: 32
[2020.12.11-09.51.06:919][640]LogAudio: Display: Using built-in audio occlusion.
[2020.12.11-09.51.06:919][640]LogAudioMixer: Display: Initializing audio mixer.
[2020.12.11-09.51.06:924][640]LogAudioMixer: Display: 0: FrontLeft
[2020.12.11-09.51.06:924][640]LogAudioMixer: Display: 1: FrontRight
[2020.12.11-09.51.06:944][640]LogAudioMixer: Display: Using Audio Device Speakers (Realtek(R) Audio)
[2020.12.11-09.51.06:944][640]LogAudioMixer: Display: Initializing Sound Submixes...
[2020.12.11-09.51.06:944][640]LogAudioMixer: Display: Creating Master Submix 'MasterSubmixDefault'
[2020.12.11-09.51.06:944][640]LogAudioMixer: Display: Creating Master Submix 'MasterReverbSubmixDefault'
[2020.12.11-09.51.06:945][640]LogAudioMixer: Display: Creating Master Submix 'MasterEQSubmixDefault'
[2020.12.11-09.51.06:955][640]LogInit: FAudioDevice initialized.
[2020.12.11-09.51.06:964][640]LogLoad: Game class is '2DSideScrollerGameMode_C'
[2020.12.11-09.51.06:965][640]LogWorld: Bringing World /Game/2DSideScrollerBP/Maps/UEDPIE_0_2DSideScrollerExampleMap.2DSideScrollerExampleMap up for play (max tick rate 0) at 2020.12.11-02.51.06
[2020.12.11-09.51.06:965][640]LogWorld: Bringing up level for play took: 0.000568
[2020.12.11-09.51.06:965][640]LogOnline: OSS: Creating online subsystem instance for: :Context_6
[2020.12.11-09.51.06:967][640]PIE: Server logged in
[2020.12.11-09.51.06:967][640]PIE: Play in editor total start time 0.072 seconds.
